"../../../Engine/Content/EditorResources/S_Actor.ubulk" 0
"../../../Engine/Content/EditorResources/S_Actor.uasset" 1
"../../../Engine/Content/EditorResources/S_Actor.uexp" 2
"../../../Engine/Content/EditorResources/S_BoxReflectionCapture.uasset" 3
"../../../Engine/Content/EditorResources/S_BoxReflectionCapture.uexp" 4
"../../../Engine/Content/EngineResources/DefaultTexture.ubulk" 5
"../../../Engine/Content/EngineResources/DefaultTexture.uasset" 6
"../../../Engine/Content/EngineResources/DefaultTexture.uexp" 7
"../../../Engine/Content/EngineResources/DefaultTextureCube.uasset" 8
"../../../Engine/Content/EngineResources/DefaultTextureCube.uexp" 9
"../../../Engine/Content/EngineResources/DefaultVolumeTexture2D.uasset" 10
"../../../Engine/Content/EngineResources/DefaultVolumeTexture2D.uexp" 11
"../../../Engine/Content/EngineResources/DefaultVolumeTexture.uasset" 12
"../../../Engine/Content/EngineResources/DefaultVolumeTexture.uexp" 13
"../../../Engine/Content/EditorResources/S_Trigger.ubulk" 14
"../../../Engine/Content/EditorResources/S_Trigger.uasset" 15
"../../../Engine/Content/EditorResources/S_Trigger.uexp" 16
"../../../Engine/Content/EditorResources/S_TriggerBox.uasset" 17
"../../../Engine/Content/EditorResources/S_TriggerBox.uexp" 18
"../../../Engine/Content/EditorResources/S_TriggerCapsule.uasset" 19
"../../../Engine/Content/EditorResources/S_TriggerCapsule.uexp" 20
"../../../Engine/Content/EditorResources/S_TriggerSphere.uasset" 21
"../../../Engine/Content/EditorResources/S_TriggerSphere.uexp" 22
"../../../Engine/Content/EngineMeshes/Sphere.ubulk" 23
"../../../Engine/Content/EngineMeshes/Sphere.uasset" 24
"../../../Engine/Content/EngineMeshes/Sphere.uexp" 25
"../../../Engine/Content/EngineResources/GradientTexture0.uasset" 26
"../../../Engine/Content/EngineResources/GradientTexture0.uexp" 27
"../../../Engine/Content/EngineResources/Black.uasset" 28
"../../../Engine/Content/EngineResources/Black.uexp" 29
"../../../Engine/Content/VREditor/LaserPointer/VR_LaserPower_01.ubulk" 30
"../../../Engine/Content/VREditor/LaserPointer/VR_LaserPower_01.uasset" 31
"../../../Engine/Content/VREditor/LaserPointer/VR_LaserPower_01.uexp" 32
"../../../Engine/Content/VREditor/TransformGizmo/TransformGizmoMaterial.uasset" 33
"../../../Engine/Content/VREditor/TransformGizmo/TransformGizmoMaterial.uexp" 34
"../../../Engine/Content/VREditor/TransformGizmo/TranslucentTransformGizmoMaterial.uasset" 35
"../../../Engine/Content/VREditor/TransformGizmo/TranslucentTransformGizmoMaterial.uexp" 36
"../../../Engine/Content/VREditor/TransformGizmo/PlaneTranslationHandle.ubulk" 37
"../../../Engine/Content/VREditor/TransformGizmo/PlaneTranslationHandle.uasset" 38
"../../../Engine/Content/VREditor/TransformGizmo/PlaneTranslationHandle.uexp" 39
"../../../Engine/Content/VREditor/TransformGizmo/BoundingBoxCorner.ubulk" 40
"../../../Engine/Content/VREditor/TransformGizmo/BoundingBoxCorner.uasset" 41
"../../../Engine/Content/VREditor/TransformGizmo/BoundingBoxCorner.uexp" 42
"../../../Engine/Content/VREditor/TransformGizmo/BoundingBoxEdge.ubulk" 43
"../../../Engine/Content/VREditor/TransformGizmo/BoundingBoxEdge.uasset" 44
"../../../Engine/Content/VREditor/TransformGizmo/BoundingBoxEdge.uexp" 45
"../../../Engine/Content/VREditor/TransformGizmo/Main.uasset" 46
"../../../Engine/Content/VREditor/TransformGizmo/Main.uexp" 47
"../../../Engine/Content/VREditor/TransformGizmo/Xray.uasset" 48
"../../../Engine/Content/VREditor/TransformGizmo/Xray.uexp" 49
"../../../Engine/Content/VREditor/TransformGizmo/SM_Sequencer_Node.ubulk" 50
"../../../Engine/Content/VREditor/TransformGizmo/SM_Sequencer_Node.uasset" 51
"../../../Engine/Content/VREditor/TransformGizmo/SM_Sequencer_Node.uexp" 52
"../../../Engine/Content/EditorMaterials/Camera/CineMat.uasset" 53
"../../../Engine/Content/EditorMaterials/Camera/CineMat.uexp" 54
"../../../Engine/Content/EditorMaterials/Camera/MI_CineMat_Rig.uasset" 55
"../../../Engine/Content/EditorMaterials/Camera/MI_CineMat_Rig.uexp" 56
"../../../Engine/Content/EditorMeshes/Camera/SM_CraneRig_Base.ubulk" 57
"../../../Engine/Content/EditorMeshes/Camera/SM_CraneRig_Base.uasset" 58
"../../../Engine/Content/EditorMeshes/Camera/SM_CraneRig_Base.uexp" 59
"../../../Engine/Content/EditorMeshes/Camera/SM_CraneRig_Arm.ubulk" 60
"../../../Engine/Content/EditorMeshes/Camera/SM_CraneRig_Arm.uasset" 61
"../../../Engine/Content/EditorMeshes/Camera/SM_CraneRig_Arm.uexp" 62
"../../../Engine/Content/EditorMeshes/Camera/SM_CraneRig_Mount.ubulk" 63
"../../../Engine/Content/EditorMeshes/Camera/SM_CraneRig_Mount.uasset" 64
"../../../Engine/Content/EditorMeshes/Camera/SM_CraneRig_Mount.uexp" 65
"../../../Engine/Content/EditorMeshes/Camera/SM_CraneRig_Body.ubulk" 66
"../../../Engine/Content/EditorMeshes/Camera/SM_CraneRig_Body.uasset" 67
"../../../Engine/Content/EditorMeshes/Camera/SM_CraneRig_Body.uexp" 68
"../../../Engine/Content/EditorMeshes/Camera/SM_RailRig_Track.ubulk" 69
"../../../Engine/Content/EditorMeshes/Camera/SM_RailRig_Track.uasset" 70
"../../../Engine/Content/EditorMeshes/Camera/SM_RailRig_Track.uexp" 71
"../../../Engine/Content/EditorMeshes/Camera/SM_RailRig_Mount.ubulk" 72
"../../../Engine/Content/EditorMeshes/Camera/SM_RailRig_Mount.uasset" 73
"../../../Engine/Content/EditorMeshes/Camera/SM_RailRig_Mount.uexp" 74
"../../../Engine/Content/EngineMaterials/T_Default_Material_Grid_M.ubulk" 75
"../../../Engine/Content/EngineMaterials/T_Default_Material_Grid_M.uasset" 76
"../../../Engine/Content/EngineMaterials/T_Default_Material_Grid_M.uexp" 77
"../../../Engine/Content/EngineMaterials/T_Default_Material_Grid_N.ubulk" 78
"../../../Engine/Content/EngineMaterials/T_Default_Material_Grid_N.uasset" 79
"../../../Engine/Content/EngineMaterials/T_Default_Material_Grid_N.uexp" 80
"../../../Engine/Content/Functions/Engine_MaterialFunctions01/Opacity/CameraDepthFade.uasset" 81
"../../../Engine/Content/Functions/Engine_MaterialFunctions01/Opacity/CameraDepthFade.uexp" 82
"../../../Engine/Content/EngineMaterials/WorldGridMaterial.uasset" 83
"../../../Engine/Content/EngineMaterials/WorldGridMaterial.uexp" 84
"../../../Engine/Content/ArtTools/RenderToTexture/Meshes/S_1_Unit_Plane.ubulk" 85
"../../../Engine/Content/ArtTools/RenderToTexture/Meshes/S_1_Unit_Plane.uasset" 86
"../../../Engine/Content/ArtTools/RenderToTexture/Meshes/S_1_Unit_Plane.uexp" 87
"../../../Engine/Content/EditorMaterials/ParticleSystems/PSysThumbnail_NoImage.ubulk" 88
"../../../Engine/Content/EditorMaterials/ParticleSystems/PSysThumbnail_NoImage.uasset" 89
"../../../Engine/Content/EditorMaterials/ParticleSystems/PSysThumbnail_NoImage.uexp" 90
"../../../Engine/Content/EditorMaterials/ParticleSystems/PSysThumbnail_OOD.ubulk" 91
"../../../Engine/Content/EditorMaterials/ParticleSystems/PSysThumbnail_OOD.uasset" 92
"../../../Engine/Content/EditorMaterials/ParticleSystems/PSysThumbnail_OOD.uexp" 93
"../../../Engine/Content/EditorLandscapeResources/SplineEditorMeshMat.uasset" 94
"../../../Engine/Content/EditorLandscapeResources/SplineEditorMeshMat.uexp" 95
"../../../Engine/Content/EditorLandscapeResources/SplineEditorMesh.ubulk" 96
"../../../Engine/Content/EditorLandscapeResources/SplineEditorMesh.uasset" 97
"../../../Engine/Content/EditorLandscapeResources/SplineEditorMesh.uexp" 98
"../../../Engine/Content/EditorResources/S_Solver.ubulk" 99
"../../../Engine/Content/EditorResources/S_Solver.uasset" 100
"../../../Engine/Content/EditorResources/S_Solver.uexp" 101
"../../../Engine/Content/EditorMeshes/EditorSphere.ubulk" 102
"../../../Engine/Content/EditorMeshes/EditorSphere.uasset" 103
"../../../Engine/Content/EditorMeshes/EditorSphere.uexp" 104
"../../../Engine/Plugins/Media/MediaPlate/Content/SM_MediaPlateScreen.ubulk" 105
"../../../Engine/Plugins/Media/MediaPlate/Content/SM_MediaPlateScreen.uasset" 106
"../../../Engine/Plugins/Media/MediaPlate/Content/SM_MediaPlateScreen.uexp" 107
"../../../Engine/Content/EngineMaterials/Good64x64TilingNoiseHighFreq.uasset" 108
"../../../Engine/Content/EngineMaterials/Good64x64TilingNoiseHighFreq.uexp" 109
"../../../Engine/Content/EngineMaterials/DefaultBokeh.uasset" 110
"../../../Engine/Content/EngineMaterials/DefaultBokeh.uexp" 111
"../../../Engine/Content/EngineMaterials/PreintegratedSkinBRDF.uasset" 112
"../../../Engine/Content/EngineMaterials/PreintegratedSkinBRDF.uexp" 113
"../../../Engine/Content/EngineMaterials/MiniFont.uasset" 114
"../../../Engine/Content/EngineMaterials/MiniFont.uexp" 115
"../../../Engine/Content/EngineMaterials/WeightMapPlaceholderTexture.uasset" 116
"../../../Engine/Content/EngineMaterials/WeightMapPlaceholderTexture.uexp" 117
"../../../Engine/Content/EngineMaterials/DefaultWhiteGrid.ubulk" 118
"../../../Engine/Content/EngineMaterials/DefaultWhiteGrid.uasset" 119
"../../../Engine/Content/EngineMaterials/DefaultWhiteGrid.uexp" 120
"../../../Engine/Content/EngineMaterials/DefaultNormal.ubulk" 121
"../../../Engine/Content/EngineMaterials/DefaultNormal.uasset" 122
"../../../Engine/Content/EngineMaterials/DefaultNormal.uexp" 123
"../../../Engine/Plugins/Interchange/Runtime/Content/Materials/MapOrLinearColorFunction.uasset" 124
"../../../Engine/Plugins/Interchange/Runtime/Content/Materials/MapOrLinearColorFunction.uexp" 125
"../../../Engine/Plugins/Interchange/Runtime/Content/Materials/MapOrScalarFunction.uasset" 126
"../../../Engine/Plugins/Interchange/Runtime/Content/Materials/MapOrScalarFunction.uexp" 127
"../../../Engine/Plugins/Interchange/Runtime/Content/Materials/MapOrColorFunction.uasset" 128
"../../../Engine/Plugins/Interchange/Runtime/Content/Materials/MapOrColorFunction.uexp" 129
"../../../Engine/Content/EngineMaterials/BaseFlattenLinearColor.uasset" 130
"../../../Engine/Content/EngineMaterials/BaseFlattenLinearColor.uexp" 131
"../../../Engine/Plugins/Interchange/Runtime/Content/Materials/CommonMaterial.uasset" 132
"../../../Engine/Plugins/Interchange/Runtime/Content/Materials/CommonMaterial.uexp" 133
"../../../Engine/Plugins/Interchange/Runtime/Content/Materials/LambertSurfaceMaterial.uasset" 134
"../../../Engine/Plugins/Interchange/Runtime/Content/Materials/LambertSurfaceMaterial.uexp" 135
"../../../Engine/Plugins/Interchange/Runtime/Content/Materials/PBRSurfaceFunction.uasset" 136
"../../../Engine/Plugins/Interchange/Runtime/Content/Materials/PBRSurfaceFunction.uexp" 137
"../../../Engine/Plugins/Interchange/Runtime/Content/Materials/ClearCoatMaterial.uasset" 138
"../../../Engine/Plugins/Interchange/Runtime/Content/Materials/ClearCoatMaterial.uexp" 139
"../../../Engine/Plugins/Interchange/Runtime/Content/Pipelines/DefaultTexturePipeline.uasset" 140
"../../../Engine/Plugins/Interchange/Runtime/Content/Pipelines/DefaultTexturePipeline.uexp" 141
"../../../Engine/Plugins/Interchange/Runtime/Content/Pipelines/DefaultSceneLevelPipeline.uasset" 142
"../../../Engine/Plugins/Interchange/Runtime/Content/Pipelines/DefaultSceneLevelPipeline.uexp" 143
"../../../Engine/Plugins/Interchange/Runtime/Content/Pipelines/DefaultSceneAssetsPipeline.uasset" 144
"../../../Engine/Plugins/Interchange/Runtime/Content/Pipelines/DefaultSceneAssetsPipeline.uexp" 145
"../../../Engine/Plugins/Interchange/Runtime/Content/Materials/ThinTranslucentMaterial.uasset" 146
"../../../Engine/Plugins/Interchange/Runtime/Content/Materials/ThinTranslucentMaterial.uexp" 147
"../../../Engine/Plugins/Interchange/Runtime/Content/Materials/SubsurfaceMaterial.uasset" 148
"../../../Engine/Plugins/Interchange/Runtime/Content/Materials/SubsurfaceMaterial.uexp" 149
"../../../Engine/Plugins/Interchange/Runtime/Content/gltf/Textures/T_Gray_Linear.uasset" 150
"../../../Engine/Plugins/Interchange/Runtime/Content/gltf/Textures/T_Gray_Linear.uexp" 151
"../../../Engine/Plugins/Interchange/Runtime/Content/gltf/Textures/T_Black_srgb.uasset" 152
"../../../Engine/Plugins/Interchange/Runtime/Content/gltf/Textures/T_Black_srgb.uexp" 153
"../../../Engine/Plugins/Interchange/Runtime/Content/Materials/UnlitMaterial.uasset" 154
"../../../Engine/Plugins/Interchange/Runtime/Content/Materials/UnlitMaterial.uexp" 155
"../../../Engine/Plugins/Interchange/Runtime/Content/Materials/SheenMaterial.uasset" 156
"../../../Engine/Plugins/Interchange/Runtime/Content/Materials/SheenMaterial.uexp" 157
"../../../Engine/Content/Functions/Engine_MaterialFunctions01/Shading/ConvertFromDiffSpec.uasset" 158
"../../../Engine/Content/Functions/Engine_MaterialFunctions01/Shading/ConvertFromDiffSpec.uexp" 159
"../../../Engine/Plugins/Interchange/Runtime/Content/Materials/PhongSurfaceMaterial.uasset" 160
"../../../Engine/Plugins/Interchange/Runtime/Content/Materials/PhongSurfaceMaterial.uexp" 161
"../../../Engine/Plugins/Interchange/Runtime/Content/Materials/PBRSurfaceMaterial.uasset" 162
"../../../Engine/Plugins/Interchange/Runtime/Content/Materials/PBRSurfaceMaterial.uexp" 163
"../../../Engine/Content/EngineMaterials/FlatNormal.uasset" 164
"../../../Engine/Content/EngineMaterials/FlatNormal.uexp" 165
"../../../Engine/Plugins/Interchange/Runtime/Content/Functions/MF_OrenNayerView.uasset" 166
"../../../Engine/Plugins/Interchange/Runtime/Content/Functions/MF_OrenNayerView.uexp" 167
"../../../Engine/Content/EditorLandscapeResources/WhiteSquareTexture.uasset" 168
"../../../Engine/Content/EditorLandscapeResources/WhiteSquareTexture.uexp" 169
"../../../Engine/Plugins/Interchange/Runtime/Content/Functions/MF_SchlickApprox.uasset" 170
"../../../Engine/Plugins/Interchange/Runtime/Content/Functions/MF_SchlickApprox.uexp" 171
"../../../Engine/Plugins/Interchange/Runtime/Content/Utilities/New_LUT.uasset" 172
"../../../Engine/Plugins/Interchange/Runtime/Content/Utilities/New_LUT.uexp" 173
"../../../Engine/Content/Functions/Engine_MaterialFunctions03/Math/RemapValueRange.uasset" 174
"../../../Engine/Content/Functions/Engine_MaterialFunctions03/Math/RemapValueRange.uexp" 175
"../../../Engine/Plugins/Interchange/Runtime/Content/Functions/MF_Iridescence.uasset" 176
"../../../Engine/Plugins/Interchange/Runtime/Content/Functions/MF_Iridescence.uexp" 177
"../../../Engine/Plugins/Interchange/Runtime/Content/Materials/OrenNayerMaterial.uasset" 178
"../../../Engine/Plugins/Interchange/Runtime/Content/Materials/OrenNayerMaterial.uexp" 179
"../../../Engine/Plugins/Interchange/Runtime/Content/Pipelines/DefaultMaterialPipeline.uasset" 180
"../../../Engine/Plugins/Interchange/Runtime/Content/Pipelines/DefaultMaterialPipeline.uexp" 181
"N:/Projects/Multiplayer/MultiTest 5.1/Content/LevelPrototyping/Textures/T_GridChecker_A.ubulk" 182
"N:/Projects/Multiplayer/MultiTest 5.1/Content/LevelPrototyping/Textures/T_GridChecker_A.uasset" 183
"N:/Projects/Multiplayer/MultiTest 5.1/Content/LevelPrototyping/Textures/T_GridChecker_A.uexp" 184
"../../../Engine/Content/Functions/Engine_MaterialFunctions02/Utility/MakeFloat3.uasset" 185
"../../../Engine/Content/Functions/Engine_MaterialFunctions02/Utility/MakeFloat3.uexp" 186
"../../../Engine/Content/Functions/Engine_MaterialFunctions01/Gradient/LinearGradient.uasset" 187
"../../../Engine/Content/Functions/Engine_MaterialFunctions01/Gradient/LinearGradient.uexp" 188
"../../../Engine/Content/Functions/Engine_MaterialFunctions01/ImageAdjustment/CheapContrast.uasset" 189
"../../../Engine/Content/Functions/Engine_MaterialFunctions01/ImageAdjustment/CheapContrast.uexp" 190
"../../../Engine/Content/Functions/Engine_MaterialFunctions02/Utility/BreakOutFloat3Components.uasset" 191
"../../../Engine/Content/Functions/Engine_MaterialFunctions02/Utility/BreakOutFloat3Components.uexp" 192
"N:/Projects/Multiplayer/MultiTest 5.1/Content/LevelPrototyping/Materials/MF_ProcGrid.uasset" 193
"N:/Projects/Multiplayer/MultiTest 5.1/Content/LevelPrototyping/Materials/MF_ProcGrid.uexp" 194
"N:/Projects/Multiplayer/MultiTest 5.1/Content/LevelPrototyping/Materials/M_PrototypeGrid.uasset" 195
"N:/Projects/Multiplayer/MultiTest 5.1/Content/LevelPrototyping/Materials/M_PrototypeGrid.uexp" 196
"N:/Projects/Multiplayer/MultiTest 5.1/Content/LevelPrototyping/Materials/MI_PrototypeGrid_TopDark.uasset" 197
"N:/Projects/Multiplayer/MultiTest 5.1/Content/LevelPrototyping/Materials/MI_PrototypeGrid_TopDark.uexp" 198
"N:/Projects/Multiplayer/MultiTest 5.1/Content/LevelPrototyping/Materials/MI_PrototypeGrid_Gray.uasset" 199
"N:/Projects/Multiplayer/MultiTest 5.1/Content/LevelPrototyping/Materials/MI_PrototypeGrid_Gray.uexp" 200
"N:/Projects/Multiplayer/MultiTest 5.1/Content/LevelPrototyping/Meshes/SM_Ramp.ubulk" 201
"N:/Projects/Multiplayer/MultiTest 5.1/Content/LevelPrototyping/Meshes/SM_Ramp.uasset" 202
"N:/Projects/Multiplayer/MultiTest 5.1/Content/LevelPrototyping/Meshes/SM_Ramp.uexp" 203
"N:/Projects/Multiplayer/MultiTest 5.1/Content/LevelPrototyping/Meshes/SM_QuarterCylinder.ubulk" 204
"N:/Projects/Multiplayer/MultiTest 5.1/Content/LevelPrototyping/Meshes/SM_QuarterCylinder.uasset" 205
"N:/Projects/Multiplayer/MultiTest 5.1/Content/LevelPrototyping/Meshes/SM_QuarterCylinder.uexp" 206
"N:/Projects/Multiplayer/MultiTest 5.1/Content/LevelPrototyping/Meshes/SM_Cube.ubulk" 207
"N:/Projects/Multiplayer/MultiTest 5.1/Content/LevelPrototyping/Meshes/SM_Cube.uasset" 208
"N:/Projects/Multiplayer/MultiTest 5.1/Content/LevelPrototyping/Meshes/SM_Cube.uexp" 209
"N:/Projects/Multiplayer/MultiTest 5.1/Content/LevelPrototyping/Materials/M_Solid.uasset" 210
"N:/Projects/Multiplayer/MultiTest 5.1/Content/LevelPrototyping/Materials/M_Solid.uexp" 211
"N:/Projects/Multiplayer/MultiTest 5.1/Content/LevelPrototyping/Materials/MI_Solid_Blue.uasset" 212
"N:/Projects/Multiplayer/MultiTest 5.1/Content/LevelPrototyping/Materials/MI_Solid_Blue.uexp" 213
"N:/Projects/Multiplayer/MultiTest 5.1/Content/LevelPrototyping/Meshes/SM_ChamferCube.ubulk" 214
"N:/Projects/Multiplayer/MultiTest 5.1/Content/LevelPrototyping/Meshes/SM_ChamferCube.uasset" 215
"N:/Projects/Multiplayer/MultiTest 5.1/Content/LevelPrototyping/Meshes/SM_ChamferCube.uexp" 216
"N:/Projects/Multiplayer/MultiTest 5.1/Content/Characters/Mannequins/Meshes/SK_Mannequin.uasset" 217
"N:/Projects/Multiplayer/MultiTest 5.1/Content/Characters/Mannequins/Meshes/SK_Mannequin.uexp" 218
"N:/Projects/Multiplayer/MultiTest 5.1/Content/Characters/Mannequins/Textures/Quinn/T_Quinn_02ID_MSR_MSK.ubulk" 219
"N:/Projects/Multiplayer/MultiTest 5.1/Content/Characters/Mannequins/Textures/Quinn/T_Quinn_02ID_MSR_MSK.uasset" 220
"N:/Projects/Multiplayer/MultiTest 5.1/Content/Characters/Mannequins/Textures/Quinn/T_Quinn_02ID_MSR_MSK.uexp" 221
"N:/Projects/Multiplayer/MultiTest 5.1/Content/Characters/Mannequins/Textures/Quinn/T_Quinn_02ID_BN.ubulk" 222
"N:/Projects/Multiplayer/MultiTest 5.1/Content/Characters/Mannequins/Textures/Quinn/T_Quinn_02ID_BN.uasset" 223
"N:/Projects/Multiplayer/MultiTest 5.1/Content/Characters/Mannequins/Textures/Quinn/T_Quinn_02ID_BN.uexp" 224
"N:/Projects/Multiplayer/MultiTest 5.1/Content/Characters/Mannequins/Textures/Quinn/T_Quinn_02_ASAOMASK_MSK.ubulk" 225
"N:/Projects/Multiplayer/MultiTest 5.1/Content/Characters/Mannequins/Textures/Quinn/T_Quinn_02_ASAOMASK_MSK.uasset" 226
"N:/Projects/Multiplayer/MultiTest 5.1/Content/Characters/Mannequins/Textures/Quinn/T_Quinn_02_ASAOMASK_MSK.uexp" 227
"N:/Projects/Multiplayer/MultiTest 5.1/Content/Characters/Mannequins/Textures/Quinn/T_Quinn_02_CCRCCPlastic_MSK.ubulk" 228
"N:/Projects/Multiplayer/MultiTest 5.1/Content/Characters/Mannequins/Textures/Quinn/T_Quinn_02_CCRCCPlastic_MSK.uasset" 229
"N:/Projects/Multiplayer/MultiTest 5.1/Content/Characters/Mannequins/Textures/Quinn/T_Quinn_02_CCRCCPlastic_MSK.uexp" 230
"N:/Projects/Multiplayer/MultiTest 5.1/Content/Characters/Mannequins/Textures/Quinn/T_Quinn_02ID_Tan.ubulk" 231
"N:/Projects/Multiplayer/MultiTest 5.1/Content/Characters/Mannequins/Textures/Quinn/T_Quinn_02ID_Tan.uasset" 232
"N:/Projects/Multiplayer/MultiTest 5.1/Content/Characters/Mannequins/Textures/Quinn/T_Quinn_02ID_Tan.uexp" 233
"N:/Projects/Multiplayer/MultiTest 5.1/Content/Characters/Mannequins/Textures/Quinn/T_Quinn_02ID_D.ubulk" 234
"N:/Projects/Multiplayer/MultiTest 5.1/Content/Characters/Mannequins/Textures/Quinn/T_Quinn_02ID_D.uasset" 235
"N:/Projects/Multiplayer/MultiTest 5.1/Content/Characters/Mannequins/Textures/Quinn/T_Quinn_02ID_D.uexp" 236
"N:/Projects/Multiplayer/MultiTest 5.1/Content/Characters/Mannequins/Textures/Quinn/T_Quinn_01ID_MSR_MSK.ubulk" 237
"N:/Projects/Multiplayer/MultiTest 5.1/Content/Characters/Mannequins/Textures/Quinn/T_Quinn_01ID_MSR_MSK.uasset" 238
"N:/Projects/Multiplayer/MultiTest 5.1/Content/Characters/Mannequins/Textures/Quinn/T_Quinn_01ID_MSR_MSK.uexp" 239
"N:/Projects/Multiplayer/MultiTest 5.1/Content/Characters/Mannequins/Materials/Functions/ChromaticCurve.uasset" 240
"N:/Projects/Multiplayer/MultiTest 5.1/Content/Characters/Mannequins/Materials/Functions/ChromaticCurve.uexp" 241
"N:/Projects/Multiplayer/MultiTest 5.1/Content/Characters/Mannequins/Materials/Functions/CA_Mannequin.uasset" 242
"N:/Projects/Multiplayer/MultiTest 5.1/Content/Characters/Mannequins/Materials/Functions/CA_Mannequin.uexp" 243
"N:/Projects/Multiplayer/MultiTest 5.1/Content/Characters/Mannequins/Materials/Functions/MF_Diffraction.uasset" 244
"N:/Projects/Multiplayer/MultiTest 5.1/Content/Characters/Mannequins/Materials/Functions/MF_Diffraction.uexp" 245
"N:/Projects/Multiplayer/MultiTest 5.1/Content/Characters/Mannequins/Textures/Manny/T_Manny_01_N.ubulk" 246
"N:/Projects/Multiplayer/MultiTest 5.1/Content/Characters/Mannequins/Textures/Manny/T_Manny_01_N.uasset" 247
"N:/Projects/Multiplayer/MultiTest 5.1/Content/Characters/Mannequins/Textures/Manny/T_Manny_01_N.uexp" 248
"N:/Projects/Multiplayer/MultiTest 5.1/Content/Characters/Mannequins/Materials/Functions/ML_BaseColorFallOff.uasset" 249
"N:/Projects/Multiplayer/MultiTest 5.1/Content/Characters/Mannequins/Materials/Functions/ML_BaseColorFallOff.uexp" 250
"../../../Engine/Content/Functions/Engine_MaterialFunctions02/Utility/BreakOutFloat2Components.uasset" 251
"../../../Engine/Content/Functions/Engine_MaterialFunctions02/Utility/BreakOutFloat2Components.uexp" 252
"../../../Engine/Content/Functions/Engine_MaterialFunctions01/Texturing/ScaleUVsByCenter.uasset" 253
"../../../Engine/Content/Functions/Engine_MaterialFunctions01/Texturing/ScaleUVsByCenter.uexp" 254
"N:/Projects/Multiplayer/MultiTest 5.1/Content/Characters/Mannequins/Textures/Shared/T_UE_Logo_M.uasset" 255
"N:/Projects/Multiplayer/MultiTest 5.1/Content/Characters/Mannequins/Textures/Shared/T_UE_Logo_M.uexp" 256
"N:/Projects/Multiplayer/MultiTest 5.1/Content/Characters/Mannequins/Materials/Functions/MF_logo3layers.uasset" 257
"N:/Projects/Multiplayer/MultiTest 5.1/Content/Characters/Mannequins/Materials/Functions/MF_logo3layers.uexp" 258
"N:/Projects/Multiplayer/MultiTest 5.1/Content/Characters/Mannequins/Textures/Manny/T_Manny_01_CCRCCPlastic_MSK.ubulk" 259
"N:/Projects/Multiplayer/MultiTest 5.1/Content/Characters/Mannequins/Textures/Manny/T_Manny_01_CCRCCPlastic_MSK.uasset" 260
"N:/Projects/Multiplayer/MultiTest 5.1/Content/Characters/Mannequins/Textures/Manny/T_Manny_01_CCRCCPlastic_MSK.uexp" 261
"N:/Projects/Multiplayer/MultiTest 5.1/Content/Characters/Mannequins/Textures/Manny/T_Manny_01_ASAOPMASK_MSK.ubulk" 262
"N:/Projects/Multiplayer/MultiTest 5.1/Content/Characters/Mannequins/Textures/Manny/T_Manny_01_ASAOPMASK_MSK.uasset" 263
"N:/Projects/Multiplayer/MultiTest 5.1/Content/Characters/Mannequins/Textures/Manny/T_Manny_01_ASAOPMASK_MSK.uexp" 264
"N:/Projects/Multiplayer/MultiTest 5.1/Content/Characters/Mannequins/Textures/Manny/T_Manny_01_MSR_MSK.ubulk" 265
"N:/Projects/Multiplayer/MultiTest 5.1/Content/Characters/Mannequins/Textures/Manny/T_Manny_01_MSR_MSK.uasset" 266
"N:/Projects/Multiplayer/MultiTest 5.1/Content/Characters/Mannequins/Textures/Manny/T_Manny_01_MSR_MSK.uexp" 267
"N:/Projects/Multiplayer/MultiTest 5.1/Content/Characters/Mannequins/Textures/Manny/T_Manny_01_BN.ubulk" 268
"N:/Projects/Multiplayer/MultiTest 5.1/Content/Characters/Mannequins/Textures/Manny/T_Manny_01_BN.uasset" 269
"N:/Projects/Multiplayer/MultiTest 5.1/Content/Characters/Mannequins/Textures/Manny/T_Manny_01_BN.uexp" 270
"N:/Projects/Multiplayer/MultiTest 5.1/Content/Characters/Mannequins/Textures/Manny/T_Manny_01_D.ubulk" 271
"N:/Projects/Multiplayer/MultiTest 5.1/Content/Characters/Mannequins/Textures/Manny/T_Manny_01_D.uasset" 272
"N:/Projects/Multiplayer/MultiTest 5.1/Content/Characters/Mannequins/Textures/Manny/T_Manny_01_D.uexp" 273
"N:/Projects/Multiplayer/MultiTest 5.1/Content/Characters/Mannequins/Textures/Manny/T_Manny_01_Tan.ubulk" 274
"N:/Projects/Multiplayer/MultiTest 5.1/Content/Characters/Mannequins/Textures/Manny/T_Manny_01_Tan.uasset" 275
"N:/Projects/Multiplayer/MultiTest 5.1/Content/Characters/Mannequins/Textures/Manny/T_Manny_01_Tan.uexp" 276
"N:/Projects/Multiplayer/MultiTest 5.1/Content/Characters/Mannequins/Materials/M_Mannequin.uasset" 277
"N:/Projects/Multiplayer/MultiTest 5.1/Content/Characters/Mannequins/Materials/M_Mannequin.uexp" 278
"N:/Projects/Multiplayer/MultiTest 5.1/Content/Characters/Mannequins/Textures/Quinn/T_Quinn_01_ASAOMASK_MSK.ubulk" 279
"N:/Projects/Multiplayer/MultiTest 5.1/Content/Characters/Mannequins/Textures/Quinn/T_Quinn_01_ASAOMASK_MSK.uasset" 280
"N:/Projects/Multiplayer/MultiTest 5.1/Content/Characters/Mannequins/Textures/Quinn/T_Quinn_01_ASAOMASK_MSK.uexp" 281
"N:/Projects/Multiplayer/MultiTest 5.1/Content/Characters/Mannequins/Textures/Quinn/T_Quinn_01ID_N.ubulk" 282
"N:/Projects/Multiplayer/MultiTest 5.1/Content/Characters/Mannequins/Textures/Quinn/T_Quinn_01ID_N.uasset" 283
"N:/Projects/Multiplayer/MultiTest 5.1/Content/Characters/Mannequins/Textures/Quinn/T_Quinn_01ID_N.uexp" 284
"N:/Projects/Multiplayer/MultiTest 5.1/Content/Characters/Mannequins/Textures/Quinn/T_Quinn_01ID_BN.ubulk" 285
"N:/Projects/Multiplayer/MultiTest 5.1/Content/Characters/Mannequins/Textures/Quinn/T_Quinn_01ID_BN.uasset" 286
"N:/Projects/Multiplayer/MultiTest 5.1/Content/Characters/Mannequins/Textures/Quinn/T_Quinn_01ID_BN.uexp" 287
"N:/Projects/Multiplayer/MultiTest 5.1/Content/Characters/Mannequins/Textures/Quinn/T_Quinn_01ID_D.ubulk" 288
"N:/Projects/Multiplayer/MultiTest 5.1/Content/Characters/Mannequins/Textures/Quinn/T_Quinn_01ID_D.uasset" 289
"N:/Projects/Multiplayer/MultiTest 5.1/Content/Characters/Mannequins/Textures/Quinn/T_Quinn_01ID_D.uexp" 290
"N:/Projects/Multiplayer/MultiTest 5.1/Content/Characters/Mannequins/Textures/Quinn/T_Quinn_01ID_Tan.ubulk" 291
"N:/Projects/Multiplayer/MultiTest 5.1/Content/Characters/Mannequins/Textures/Quinn/T_Quinn_01ID_Tan.uasset" 292
"N:/Projects/Multiplayer/MultiTest 5.1/Content/Characters/Mannequins/Textures/Quinn/T_Quinn_01ID_Tan.uexp" 293
"N:/Projects/Multiplayer/MultiTest 5.1/Content/Characters/Mannequins/Textures/Quinn/T_Quinn_01_CCRCCPlastic_MSK.ubulk" 294
"N:/Projects/Multiplayer/MultiTest 5.1/Content/Characters/Mannequins/Textures/Quinn/T_Quinn_01_CCRCCPlastic_MSK.uasset" 295
"N:/Projects/Multiplayer/MultiTest 5.1/Content/Characters/Mannequins/Textures/Quinn/T_Quinn_01_CCRCCPlastic_MSK.uexp" 296
"N:/Projects/Multiplayer/MultiTest 5.1/Content/Characters/Mannequins/Materials/Instances/Quinn/MI_Quinn_01.uasset" 297
"N:/Projects/Multiplayer/MultiTest 5.1/Content/Characters/Mannequins/Materials/Instances/Quinn/MI_Quinn_01.uexp" 298
"N:/Projects/Multiplayer/MultiTest 5.1/Content/Characters/Mannequins/Textures/Quinn/T_Quinn_02ID_N.ubulk" 299
"N:/Projects/Multiplayer/MultiTest 5.1/Content/Characters/Mannequins/Textures/Quinn/T_Quinn_02ID_N.uasset" 300
"N:/Projects/Multiplayer/MultiTest 5.1/Content/Characters/Mannequins/Textures/Quinn/T_Quinn_02ID_N.uexp" 301
"N:/Projects/Multiplayer/MultiTest 5.1/Content/Characters/Mannequins/Materials/Instances/Quinn/MI_Quinn_02.uasset" 302
"N:/Projects/Multiplayer/MultiTest 5.1/Content/Characters/Mannequins/Materials/Instances/Quinn/MI_Quinn_02.uexp" 303
"N:/Projects/Multiplayer/MultiTest 5.1/Content/Characters/Mannequins/Rigs/PA_Mannequin.uasset" 304
"N:/Projects/Multiplayer/MultiTest 5.1/Content/Characters/Mannequins/Rigs/PA_Mannequin.uexp" 305
"N:/Projects/Multiplayer/MultiTest 5.1/Content/Characters/Mannequins/Meshes/SKM_Quinn_Simple.uasset" 306
"N:/Projects/Multiplayer/MultiTest 5.1/Content/Characters/Mannequins/Meshes/SKM_Quinn_Simple.uexp" 307
"../../../Engine/Content/Animation/DefaultAnimCurveCompressionSettings.uasset" 308
"../../../Engine/Content/Animation/DefaultAnimCurveCompressionSettings.uexp" 309
"../../../Engine/Content/Animation/DefaultAnimBoneCompressionSettings.uasset" 310
"../../../Engine/Content/Animation/DefaultAnimBoneCompressionSettings.uexp" 311
"N:/Projects/Multiplayer/MultiTest 5.1/Content/Characters/Mannequins/Animations/Quinn/MF_Run_Fwd.uasset" 312
"N:/Projects/Multiplayer/MultiTest 5.1/Content/Characters/Mannequins/Animations/Quinn/MF_Run_Fwd.uexp" 313
"N:/Projects/Multiplayer/MultiTest 5.1/Content/Characters/Mannequins/Animations/Quinn/MF_Walk_Fwd.uasset" 314
"N:/Projects/Multiplayer/MultiTest 5.1/Content/Characters/Mannequins/Animations/Quinn/MF_Walk_Fwd.uexp" 315
"../../../Engine/Content/Animation/DefaultRecorderBoneCompression.uasset" 316
"../../../Engine/Content/Animation/DefaultRecorderBoneCompression.uexp" 317
"N:/Projects/Multiplayer/MultiTest 5.1/Content/Characters/Mannequins/Animations/Manny/MM_Walk_InPlace.uasset" 318
"N:/Projects/Multiplayer/MultiTest 5.1/Content/Characters/Mannequins/Animations/Manny/MM_Walk_InPlace.uexp" 319
"N:/Projects/Multiplayer/MultiTest 5.1/Content/Characters/Mannequins/Animations/Quinn/BS_MF_Unarmed_WalkRun.uasset" 320
"N:/Projects/Multiplayer/MultiTest 5.1/Content/Characters/Mannequins/Animations/Quinn/BS_MF_Unarmed_WalkRun.uexp" 321
"N:/Projects/Multiplayer/MultiTest 5.1/Content/Characters/Mannequins/Animations/Quinn/MF_Idle.uasset" 322
"N:/Projects/Multiplayer/MultiTest 5.1/Content/Characters/Mannequins/Animations/Quinn/MF_Idle.uexp" 323
"N:/Projects/Multiplayer/MultiTest 5.1/Content/Characters/Mannequins/Animations/Manny/MM_Fall_Loop.uasset" 324
"N:/Projects/Multiplayer/MultiTest 5.1/Content/Characters/Mannequins/Animations/Manny/MM_Fall_Loop.uexp" 325
"N:/Projects/Multiplayer/MultiTest 5.1/Content/Characters/Mannequins/Animations/Manny/MM_Jump.uasset" 326
"N:/Projects/Multiplayer/MultiTest 5.1/Content/Characters/Mannequins/Animations/Manny/MM_Jump.uexp" 327
"../../../Engine/Plugins/Animation/ControlRig/Content/Controls/DefaultGizmoLibrary.uasset" 328
"../../../Engine/Plugins/Animation/ControlRig/Content/Controls/DefaultGizmoLibrary.uexp" 329
"N:/Projects/Multiplayer/MultiTest 5.1/Content/Characters/Mannequins/Rigs/CR_Mannequin_BasicFootIK.uasset" 330
"N:/Projects/Multiplayer/MultiTest 5.1/Content/Characters/Mannequins/Rigs/CR_Mannequin_BasicFootIK.uexp" 331
"N:/Projects/Multiplayer/MultiTest 5.1/Content/Characters/Mannequins/Animations/Manny/MM_Run_Fwd.uasset" 332
"N:/Projects/Multiplayer/MultiTest 5.1/Content/Characters/Mannequins/Animations/Manny/MM_Run_Fwd.uexp" 333
"N:/Projects/Multiplayer/MultiTest 5.1/Content/Characters/Mannequins/Animations/Manny/MM_Walk_Fwd.uasset" 334
"N:/Projects/Multiplayer/MultiTest 5.1/Content/Characters/Mannequins/Animations/Manny/MM_Walk_Fwd.uexp" 335
"N:/Projects/Multiplayer/MultiTest 5.1/Content/Characters/Mannequins/Animations/Manny/BS_MM_WalkRun.uasset" 336
"N:/Projects/Multiplayer/MultiTest 5.1/Content/Characters/Mannequins/Animations/Manny/BS_MM_WalkRun.uexp" 337
"N:/Projects/Multiplayer/MultiTest 5.1/Content/Characters/Mannequins/Animations/Manny/MM_Land.uasset" 338
"N:/Projects/Multiplayer/MultiTest 5.1/Content/Characters/Mannequins/Animations/Manny/MM_Land.uexp" 339
"N:/Projects/Multiplayer/MultiTest 5.1/Content/Characters/Mannequins/Animations/Manny/MM_Idle.uasset" 340
"N:/Projects/Multiplayer/MultiTest 5.1/Content/Characters/Mannequins/Animations/Manny/MM_Idle.uexp" 341
"N:/Projects/Multiplayer/MultiTest 5.1/Content/Characters/Mannequins/Animations/ABP_Manny.uasset" 342
"N:/Projects/Multiplayer/MultiTest 5.1/Content/Characters/Mannequins/Animations/ABP_Manny.uexp" 343
"N:/Projects/Multiplayer/MultiTest 5.1/Content/Characters/Mannequins/Animations/ABP_Quinn.uasset" 344
"N:/Projects/Multiplayer/MultiTest 5.1/Content/Characters/Mannequins/Animations/ABP_Quinn.uexp" 345
"N:/Projects/Multiplayer/MultiTest 5.1/Content/ThirdPerson/Blueprints/BP_ThirdPersonCharacter.uasset" 346
"N:/Projects/Multiplayer/MultiTest 5.1/Content/ThirdPerson/Blueprints/BP_ThirdPersonCharacter.uexp" 347
"../../../Engine/Content/EngineMaterials/DefaultMaterial.uasset" 348
"../../../Engine/Content/EngineMaterials/DefaultMaterial.uexp" 349
"../../../Engine/Content/BasicShapes/Sphere.ubulk" 350
"../../../Engine/Content/BasicShapes/Sphere.uasset" 351
"../../../Engine/Content/BasicShapes/Sphere.uexp" 352
"../../../Engine/Content/BasicShapes/Plane.ubulk" 353
"../../../Engine/Content/BasicShapes/Plane.uasset" 354
"../../../Engine/Content/BasicShapes/Plane.uexp" 355
"../../../Engine/Content/BasicShapes/Cylinder.ubulk" 356
"../../../Engine/Content/BasicShapes/Cylinder.uasset" 357
"../../../Engine/Content/BasicShapes/Cylinder.uexp" 358
"../../../Engine/Content/BasicShapes/Cube.ubulk" 359
"../../../Engine/Content/BasicShapes/Cube.uasset" 360
"../../../Engine/Content/BasicShapes/Cube.uexp" 361
"../../../Engine/Content/BasicShapes/Cone.ubulk" 362
"../../../Engine/Content/BasicShapes/Cone.uasset" 363
"../../../Engine/Content/BasicShapes/Cone.uexp" 364
"../../../Engine/Content/EditorLandscapeResources/DefaultAlphaTexture.uasset" 365
"../../../Engine/Content/EditorLandscapeResources/DefaultAlphaTexture.uexp" 366
"../../../Engine/Content/EditorLandscapeResources/DataLayer.uasset" 367
"../../../Engine/Content/EditorLandscapeResources/DataLayer.uexp" 368
"../../../Engine/Content/EditorMaterials/PreviewShadowIndicator.ubulk" 369
"../../../Engine/Content/EditorMaterials/PreviewShadowIndicator.uasset" 370
"../../../Engine/Content/EditorMaterials/PreviewShadowIndicator.uexp" 371
"../../../Engine/Content/EditorMaterials/PreviewShadowIndicatorMaterial.uasset" 372
"../../../Engine/Content/EditorMaterials/PreviewShadowIndicatorMaterial.uexp" 373
"../../../Engine/Content/EditorMaterials/PhAT_UnselectedMaterial.uasset" 374
"../../../Engine/Content/EditorMaterials/PhAT_UnselectedMaterial.uexp" 375
"../../../Engine/Content/EditorMaterials/PhAT_NoCollisionMaterial.uasset" 376
"../../../Engine/Content/EditorMaterials/PhAT_NoCollisionMaterial.uexp" 377
"../../../Engine/Plugins/Interchange/Runtime/Content/gltf/MaterialFunctions/MF_RotateV2.uasset" 378
"../../../Engine/Plugins/Interchange/Runtime/Content/gltf/MaterialFunctions/MF_RotateV2.uexp" 379
"../../../Engine/Plugins/Interchange/Runtime/Content/gltf/MaterialFunctions/MF_TransformUVs.uasset" 380
"../../../Engine/Plugins/Interchange/Runtime/Content/gltf/MaterialFunctions/MF_TransformUVs.uexp" 381
"../../../Engine/Plugins/Interchange/Runtime/Content/gltf/Textures/T_White_srgb.uasset" 382
"../../../Engine/Plugins/Interchange/Runtime/Content/gltf/Textures/T_White_srgb.uexp" 383
"../../../Engine/Plugins/Interchange/Runtime/Content/gltf/MaterialFunctions/MF_BaseColor.uasset" 384
"../../../Engine/Plugins/Interchange/Runtime/Content/gltf/MaterialFunctions/MF_BaseColor.uexp" 385
"../../../Engine/Plugins/Interchange/Runtime/Content/gltf/MaterialFunctions/MF_DiffuseSpecGloss.uasset" 386
"../../../Engine/Plugins/Interchange/Runtime/Content/gltf/MaterialFunctions/MF_DiffuseSpecGloss.uexp" 387
"../../../Engine/Plugins/Interchange/Runtime/Content/gltf/Textures/T_White_Linear.uasset" 388
"../../../Engine/Plugins/Interchange/Runtime/Content/gltf/Textures/T_White_Linear.uexp" 389
"../../../Engine/Plugins/Interchange/Runtime/Content/gltf/MaterialFunctions/MF_MetallicRoughness.uasset" 390
"../../../Engine/Plugins/Interchange/Runtime/Content/gltf/MaterialFunctions/MF_MetallicRoughness.uexp" 391
"../../../Engine/Content/Functions/Engine_MaterialFunctions02/Math/Transform3x3Matrix.uasset" 392
"../../../Engine/Content/Functions/Engine_MaterialFunctions02/Math/Transform3x3Matrix.uexp" 393
"../../../Engine/Plugins/Interchange/Runtime/Content/gltf/MaterialFunctions/MF_RotateNormals_TS.uasset" 394
"../../../Engine/Plugins/Interchange/Runtime/Content/gltf/MaterialFunctions/MF_RotateNormals_TS.uexp" 395
"../../../Engine/Plugins/Interchange/Runtime/Content/gltf/Textures/T_Generic_N.uasset" 396
"../../../Engine/Plugins/Interchange/Runtime/Content/gltf/Textures/T_Generic_N.uexp" 397
"../../../Engine/Plugins/Interchange/Runtime/Content/gltf/MaterialFunctions/MF_Clearcoat.uasset" 398
"../../../Engine/Plugins/Interchange/Runtime/Content/gltf/MaterialFunctions/MF_Clearcoat.uexp" 399
"../../../Engine/Plugins/Interchange/Runtime/Content/gltf/MaterialFunctions/MF_Occlusion.uasset" 400
"../../../Engine/Plugins/Interchange/Runtime/Content/gltf/MaterialFunctions/MF_Occlusion.uexp" 401
"../../../Engine/Plugins/Interchange/Runtime/Content/gltf/MaterialFunctions/MF_Emissive.uasset" 402
"../../../Engine/Plugins/Interchange/Runtime/Content/gltf/MaterialFunctions/MF_Emissive.uexp" 403
"../../../Engine/Plugins/Interchange/Runtime/Content/gltf/MaterialFunctions/MF_Specular.uasset" 404
"../../../Engine/Plugins/Interchange/Runtime/Content/gltf/MaterialFunctions/MF_Specular.uexp" 405
"../../../Engine/Plugins/Interchange/Runtime/Content/gltf/MaterialFunctions/MF_IOR.uasset" 406
"../../../Engine/Plugins/Interchange/Runtime/Content/gltf/MaterialFunctions/MF_IOR.uexp" 407
"../../../Engine/Content/Functions/Engine_MaterialFunctions01/Texturing/FlattenNormal.uasset" 408
"../../../Engine/Content/Functions/Engine_MaterialFunctions01/Texturing/FlattenNormal.uexp" 409
"../../../Engine/Plugins/Interchange/Runtime/Content/gltf/MaterialFunctions/MF_Normals.uasset" 410
"../../../Engine/Plugins/Interchange/Runtime/Content/gltf/MaterialFunctions/MF_Normals.uexp" 411
"../../../Engine/Content/Functions/Engine_MaterialFunctions02/Math/AddComponents.uasset" 412
"../../../Engine/Content/Functions/Engine_MaterialFunctions02/Math/AddComponents.uexp" 413
"../../../Engine/Plugins/Interchange/Runtime/Content/gltf/MaterialFunctions/MF_PerceivedBrightness.uasset" 414
"../../../Engine/Plugins/Interchange/Runtime/Content/gltf/MaterialFunctions/MF_PerceivedBrightness.uexp" 415
"../../../Engine/Plugins/Interchange/Runtime/Content/gltf/MaterialFunctions/MF_SpecGlossToMetalRoughness.uasset" 416
"../../../Engine/Plugins/Interchange/Runtime/Content/gltf/MaterialFunctions/MF_SpecGlossToMetalRoughness.uexp" 417
"../../../Engine/Plugins/Interchange/Runtime/Content/gltf/M_Opaque.uasset" 418
"../../../Engine/Plugins/Interchange/Runtime/Content/gltf/M_Opaque.uexp" 419
"../../../Engine/Plugins/Interchange/Runtime/Content/gltf/MaterialInstances_SG/MI_Opaque_ClearCoat_TS.uasset" 420
"../../../Engine/Plugins/Interchange/Runtime/Content/gltf/MaterialInstances_SG/MI_Opaque_ClearCoat_TS.uexp" 421
"../../../Engine/Content/Functions/Engine_MaterialFunctions02/Utility/MakeFloat4.uasset" 422
"../../../Engine/Content/Functions/Engine_MaterialFunctions02/Utility/MakeFloat4.uexp" 423
"../../../Engine/Content/EditorMaterials/WorldPartition/WorldPartitionSpatialHashGridPreviewMaterial.uasset" 424
"../../../Engine/Content/EditorMaterials/WorldPartition/WorldPartitionSpatialHashGridPreviewMaterial.uexp" 425
"../../../Engine/Content/EditorResources/S_Terrain.ubulk" 426
"../../../Engine/Content/EditorResources/S_Terrain.uasset" 427
"../../../Engine/Content/EditorResources/S_Terrain.uexp" 428
"../../../Engine/Content/EditorResources/EmptyActor.uasset" 429
"../../../Engine/Content/EditorResources/EmptyActor.uexp" 430
"../../../Engine/Content/EditorResources/BSPVertex.uasset" 431
"../../../Engine/Content/EditorResources/BSPVertex.uexp" 432
"../../../Engine/Content/EditorResources/SequenceRecorder/RecordingIndicator.uasset" 433
"../../../Engine/Content/EditorResources/SequenceRecorder/RecordingIndicator.uexp" 434
"../../../Engine/Content/EditorResources/SequenceRecorder/Countdown.uasset" 435
"../../../Engine/Content/EditorResources/SequenceRecorder/Countdown.uexp" 436
"../../../Engine/Content/EngineDamageTypes/DmgTypeBP_Environmental.uasset" 437
"../../../Engine/Content/EngineDamageTypes/DmgTypeBP_Environmental.uexp" 438
"../../../Engine/Content/Functions/Engine_MaterialFunctions02/Utility/CameraDirectionVector.uasset" 439
"../../../Engine/Content/Functions/Engine_MaterialFunctions02/Utility/CameraDirectionVector.uexp" 440
"../../../Engine/Content/EngineDebugMaterials/VolumeToRender.uasset" 441
"../../../Engine/Content/EngineDebugMaterials/VolumeToRender.uexp" 442
"../../../Engine/Content/EngineDebugMaterials/M_VolumeRenderSphereTracePP.uasset" 443
"../../../Engine/Content/EngineDebugMaterials/M_VolumeRenderSphereTracePP.uexp" 444
"../../../Engine/Content/EngineDebugMaterials/M_SimpleUnlitTranslucent.uasset" 445
"../../../Engine/Content/EngineDebugMaterials/M_SimpleUnlitTranslucent.uexp" 446
"../../../Engine/Content/EngineDebugMaterials/DebugMeshMaterial.uasset" 447
"../../../Engine/Content/EngineDebugMaterials/DebugMeshMaterial.uexp" 448
"../../../Engine/Content/EngineDebugMaterials/DebugEditorMaterial.uasset" 449
"../../../Engine/Content/EngineDebugMaterials/DebugEditorMaterial.uexp" 450
"../../../Engine/Content/EngineFonts/Faces/RobotoLight.uexp" 451
"../../../Engine/Content/EngineFonts/Faces/RobotoLight.uasset" 452
"../../../Engine/Content/EngineFonts/Faces/RobotoLight.ufont" 453
"../../../Engine/Content/EngineFonts/Faces/RobotoBold.uexp" 454
"../../../Engine/Content/EngineFonts/Faces/RobotoBold.uasset" 455
"../../../Engine/Content/EngineFonts/Faces/RobotoBold.ufont" 456
"../../../Engine/Content/EngineFonts/Faces/RobotoRegular.uexp" 457
"../../../Engine/Content/EngineFonts/Faces/RobotoRegular.uasset" 458
"../../../Engine/Content/EngineFonts/Faces/RobotoRegular.ufont" 459
"../../../Engine/Content/EngineFonts/Faces/DroidSansFallback.uexp" 460
"../../../Engine/Content/EngineFonts/Faces/DroidSansFallback.uasset" 461
"../../../Engine/Content/EngineFonts/Faces/DroidSansFallback.ufont" 462
"../../../Engine/Content/EngineFonts/Faces/RobotoItalic.uexp" 463
"../../../Engine/Content/EngineFonts/Faces/RobotoItalic.uasset" 464
"../../../Engine/Content/EngineFonts/Faces/RobotoItalic.ufont" 465
"../../../Engine/Content/EngineFonts/Faces/RobotoBoldItalic.uexp" 466
"../../../Engine/Content/EngineFonts/Faces/RobotoBoldItalic.uasset" 467
"../../../Engine/Content/EngineFonts/Faces/RobotoBoldItalic.ufont" 468
"../../../Engine/Content/EngineFonts/Roboto.uasset" 469
"../../../Engine/Content/EngineFonts/Roboto.uexp" 470
"../../../Engine/Content/EngineResources/WhiteSquareTexture.uasset" 471
"../../../Engine/Content/EngineResources/WhiteSquareTexture.uexp" 472
"../../../Engine/Content/EngineMaterials/Widget3DPassThrough.uasset" 473
"../../../Engine/Content/EngineMaterials/Widget3DPassThrough.uexp" 474
"../../../Engine/Content/EngineMaterials/Widget3DPassThrough_Translucent.uasset" 475
"../../../Engine/Content/EngineMaterials/Widget3DPassThrough_Translucent.uexp" 476
"../../../Engine/Content/EngineMaterials/Widget3DPassThrough_Translucent_OneSided.uasset" 477
"../../../Engine/Content/EngineMaterials/Widget3DPassThrough_Translucent_OneSided.uexp" 478
"../../../Engine/Content/EngineMaterials/Widget3DPassThrough_Opaque.uasset" 479
"../../../Engine/Content/EngineMaterials/Widget3DPassThrough_Opaque.uexp" 480
"../../../Engine/Content/EngineMaterials/Widget3DPassThrough_Opaque_OneSided.uasset" 481
"../../../Engine/Content/EngineMaterials/Widget3DPassThrough_Opaque_OneSided.uexp" 482
"../../../Engine/Content/EngineMaterials/Widget3DPassThrough_Masked_OneSided.uasset" 483
"../../../Engine/Content/EngineMaterials/Widget3DPassThrough_Masked_OneSided.uexp" 484
"../../../Engine/Content/EngineMaterials/Widget3DPassThrough_Masked.uasset" 485
"../../../Engine/Content/EngineMaterials/Widget3DPassThrough_Masked.uexp" 486
"../../../Engine/Plugins/Interchange/Runtime/Content/gltf/M_Translucent.uasset" 487
"../../../Engine/Plugins/Interchange/Runtime/Content/gltf/M_Translucent.uexp" 488
"../../../Engine/Plugins/Interchange/Runtime/Content/gltf/MaterialInstances_MR/MI_Translucent_ClearCoat.uasset" 489
"../../../Engine/Plugins/Interchange/Runtime/Content/gltf/MaterialInstances_MR/MI_Translucent_ClearCoat.uexp" 490
"../../../Engine/Content/EngineMaterials/STBlueNoise_vec2_128x128x64.uasset" 491
"../../../Engine/Content/EngineMaterials/STBlueNoise_vec2_128x128x64.uexp" 492
"../../../Engine/Content/EngineMaterials/STBlueNoise_scalar_128x128x64.uasset" 493
"../../../Engine/Content/EngineMaterials/STBlueNoise_scalar_128x128x64.uexp" 494
"../../../Engine/Content/EngineMaterials/RemoveSurfaceMaterial.uasset" 495
"../../../Engine/Content/EngineMaterials/RemoveSurfaceMaterial.uexp" 496
"../../../Engine/Plugins/Interchange/Runtime/Content/gltf/M_Unlit.uasset" 497
"../../../Engine/Plugins/Interchange/Runtime/Content/gltf/M_Unlit.uexp" 498
"../../../Engine/Plugins/Interchange/Runtime/Content/gltf/MaterialInstances_MR/MI_Opaque_Unlit_TS.uasset" 499
"../../../Engine/Plugins/Interchange/Runtime/Content/gltf/MaterialInstances_MR/MI_Opaque_Unlit_TS.uexp" 500
"../../../Engine/Content/EngineMaterials/DefaultCalibrationGrayscale.uasset" 501
"../../../Engine/Content/EngineMaterials/DefaultCalibrationGrayscale.uexp" 502
"../../../Engine/Content/EngineMaterials/PPM_DefaultCalibrationGrayscale.uasset" 503
"../../../Engine/Content/EngineMaterials/PPM_DefaultCalibrationGrayscale.uexp" 504
"../../../Engine/Content/EngineMaterials/DefaultCalibrationColor.uasset" 505
"../../../Engine/Content/EngineMaterials/DefaultCalibrationColor.uexp" 506
"../../../Engine/Content/EngineMaterials/PPM_DefaultCalibrationColor.uasset" 507
"../../../Engine/Content/EngineMaterials/PPM_DefaultCalibrationColor.uexp" 508
"../../../Engine/Content/Functions/Engine_MaterialFunctions02/WorldPositionOffset/CameraOffset.uasset" 509
"../../../Engine/Content/Functions/Engine_MaterialFunctions02/WorldPositionOffset/CameraOffset.uexp" 510
"../../../Engine/Content/EngineMaterials/PhAT_JointLimitMaterial.uasset" 511
"../../../Engine/Content/EngineMaterials/PhAT_JointLimitMaterial.uexp" 512
"../../../Engine/Content/EngineMaterials/InvalidLightmapSettings.ubulk" 513
"../../../Engine/Content/EngineMaterials/InvalidLightmapSettings.uasset" 514
"../../../Engine/Content/EngineMaterials/InvalidLightmapSettings.uexp" 515
"../../../Engine/Content/EngineMaterials/M_InvalidLightmapSettings.uasset" 516
"../../../Engine/Content/EngineMaterials/M_InvalidLightmapSettings.uexp" 517
"../../../Engine/Plugins/Interchange/Runtime/Content/gltf/MaterialInstances_MR/MI_Translucent.uasset" 518
"../../../Engine/Plugins/Interchange/Runtime/Content/gltf/MaterialInstances_MR/MI_Translucent.uexp" 519
"../../../Engine/Plugins/Interchange/Runtime/Content/gltf/MaterialFunctions/MF_Sheen.uasset" 520
"../../../Engine/Plugins/Interchange/Runtime/Content/gltf/MaterialFunctions/MF_Sheen.uexp" 521
"../../../Engine/Content/Functions/Engine_MaterialFunctions01/Shading/FuzzyShading.uasset" 522
"../../../Engine/Content/Functions/Engine_MaterialFunctions01/Shading/FuzzyShading.uexp" 523
"../../../Engine/Plugins/Interchange/Runtime/Content/gltf/M_Sheen.uasset" 524
"../../../Engine/Plugins/Interchange/Runtime/Content/gltf/M_Sheen.uexp" 525
"../../../Engine/Plugins/Interchange/Runtime/Content/gltf/MaterialInstances_SG/MI_Opaque_Sheen_TS.uasset" 526
"../../../Engine/Plugins/Interchange/Runtime/Content/gltf/MaterialInstances_SG/MI_Opaque_Sheen_TS.uexp" 527
"../../../Engine/Plugins/Interchange/Runtime/Content/gltf/MaterialInstances_MR/MI_Opaque_TS.uasset" 528
"../../../Engine/Plugins/Interchange/Runtime/Content/gltf/MaterialInstances_MR/MI_Opaque_TS.uexp" 529
"../../../Engine/Content/EngineMaterials/GizmoMaterial.uasset" 530
"../../../Engine/Content/EngineMaterials/GizmoMaterial.uexp" 531
"../../../Engine/Content/EngineMaterials/BaseFlattenEmissiveMap_VT.uasset" 532
"../../../Engine/Content/EngineMaterials/BaseFlattenEmissiveMap_VT.uexp" 533
"../../../Engine/Content/EngineMaterials/BaseFlattenGrayscaleMap_VT.uasset" 534
"../../../Engine/Content/EngineMaterials/BaseFlattenGrayscaleMap_VT.uexp" 535
"../../../Engine/Content/EngineMaterials/BaseFlattenLinearColor_VT.uasset" 536
"../../../Engine/Content/EngineMaterials/BaseFlattenLinearColor_VT.uexp" 537
"../../../Engine/Content/EngineMaterials/Black_1x1_EXR_Texture_VT.uasset" 538
"../../../Engine/Content/EngineMaterials/Black_1x1_EXR_Texture_VT.uexp" 539
"../../../Engine/Content/EngineMaterials/BaseFlattenDiffuseMap_VT.uasset" 540
"../../../Engine/Content/EngineMaterials/BaseFlattenDiffuseMap_VT.uexp" 541
"../../../Engine/Content/EngineMaterials/BaseFlattenNormalMap_VT.uasset" 542
"../../../Engine/Content/EngineMaterials/BaseFlattenNormalMap_VT.uexp" 543
"../../../Engine/Content/EngineMaterials/FlattenMaterial_WS_Normal_VT.uasset" 544
"../../../Engine/Content/EngineMaterials/FlattenMaterial_WS_Normal_VT.uexp" 545
"../../../Engine/Content/EngineMaterials/FlattenMaterial_VT.uasset" 546
"../../../Engine/Content/EngineMaterials/FlattenMaterial_VT.uexp" 547
"../../../Engine/Content/EngineMaterials/BaseFlattenNormalMap.uasset" 548
"../../../Engine/Content/EngineMaterials/BaseFlattenNormalMap.uexp" 549
"../../../Engine/Content/EngineMaterials/BaseFlattenGrayscaleMap.uasset" 550
"../../../Engine/Content/EngineMaterials/BaseFlattenGrayscaleMap.uexp" 551
"../../../Engine/Content/EngineMaterials/BaseFlattenDiffuseMap.uasset" 552
"../../../Engine/Content/EngineMaterials/BaseFlattenDiffuseMap.uexp" 553
"../../../Engine/Content/Functions/Engine_MaterialFunctions02/PivotPainter2/Black_1x1_EXR_Texture.uasset" 554
"../../../Engine/Content/Functions/Engine_MaterialFunctions02/PivotPainter2/Black_1x1_EXR_Texture.uexp" 555
"../../../Engine/Content/EngineMaterials/BaseFlattenEmissiveMap.uasset" 556
"../../../Engine/Content/EngineMaterials/BaseFlattenEmissiveMap.uexp" 557
"../../../Engine/Content/EngineMaterials/FlattenMaterial.uasset" 558
"../../../Engine/Content/EngineMaterials/FlattenMaterial.uexp" 559
"../../../Engine/Content/EngineMaterials/DefaultWhiteGrid_Low.uasset" 560
"../../../Engine/Content/EngineMaterials/DefaultWhiteGrid_Low.uexp" 561
"../../../Engine/Content/EngineMaterials/EmissiveMeshMaterial.uasset" 562
"../../../Engine/Content/EngineMaterials/EmissiveMeshMaterial.uexp" 563
"../../../Engine/Plugins/Interchange/Runtime/Content/gltf/MaterialInstances_SG/MI_Opaque_Sheen.uasset" 564
"../../../Engine/Plugins/Interchange/Runtime/Content/gltf/MaterialInstances_SG/MI_Opaque_Sheen.uexp" 565
"../../../Engine/Plugins/Interchange/Runtime/Content/gltf/MaterialInstances_MR/MI_Translucent_ClearCoat_TS.uasset" 566
"../../../Engine/Plugins/Interchange/Runtime/Content/gltf/MaterialInstances_MR/MI_Translucent_ClearCoat_TS.uexp" 567
"../../../Engine/Content/EngineFonts/RobotoDistanceField.uasset" 568
"../../../Engine/Content/EngineFonts/RobotoDistanceField.uexp" 569
"../../../Engine/Content/EngineMaterials/DefaultTextMaterialOpaque.uasset" 570
"../../../Engine/Content/EngineMaterials/DefaultTextMaterialOpaque.uexp" 571
"../../../Engine/Content/EngineMaterials/DefaultDiffuse.ubulk" 572
"../../../Engine/Content/EngineMaterials/DefaultDiffuse.uasset" 573
"../../../Engine/Content/EngineMaterials/DefaultDiffuse.uexp" 574
"../../../Engine/Content/EngineMaterials/DefaultPostProcessMaterial.uasset" 575
"../../../Engine/Content/EngineMaterials/DefaultPostProcessMaterial.uexp" 576
"../../../Engine/Content/EngineMaterials/DefaultPhysicalMaterial.uasset" 577
"../../../Engine/Content/EngineMaterials/DefaultPhysicalMaterial.uexp" 578
"../../../Engine/Content/EngineMaterials/DefaultLightFunctionMaterial.uasset" 579
"../../../Engine/Content/EngineMaterials/DefaultLightFunctionMaterial.uexp" 580
"../../../Engine/Plugins/Runtime/MeshModelingToolset/Content/Materials/M_DynamicMeshComponentVtxColor.uasset" 581
"../../../Engine/Plugins/Runtime/MeshModelingToolset/Content/Materials/M_DynamicMeshComponentVtxColor.uexp" 582
"../../../Engine/Content/EngineMaterials/DefaultDestructiblePhysicalMaterial.uasset" 583
"../../../Engine/Content/EngineMaterials/DefaultDestructiblePhysicalMaterial.uexp" 584
"../../../Engine/Content/EngineMaterials/DefaultDeferredDecalMaterial.uasset" 585
"../../../Engine/Content/EngineMaterials/DefaultDeferredDecalMaterial.uexp" 586
"../../../Engine/Plugins/Interchange/Runtime/Content/gltf/MaterialInstances_MR/MI_Opaque_Unlit.uasset" 587
"../../../Engine/Plugins/Interchange/Runtime/Content/gltf/MaterialInstances_MR/MI_Opaque_Unlit.uexp" 588
"../../../Engine/Content/EngineMaterials/DefaultBloomKernel.uasset" 589
"../../../Engine/Content/EngineMaterials/DefaultBloomKernel.uexp" 590
"../../../Engine/Plugins/Interchange/Runtime/Content/gltf/MaterialInstances_MR/MI_Opaque_Sheen_TS.uasset" 591
"../../../Engine/Plugins/Interchange/Runtime/Content/gltf/MaterialInstances_MR/MI_Opaque_Sheen_TS.uexp" 592
"../../../Engine/Plugins/Interchange/Runtime/Content/gltf/MaterialInstances_MR/MI_Opaque_Sheen.uasset" 593
"../../../Engine/Plugins/Interchange/Runtime/Content/gltf/MaterialInstances_MR/MI_Opaque_Sheen.uexp" 594
"../../../Engine/Plugins/Interchange/Runtime/Content/gltf/MaterialInstances_SG/MI_Translucent_TS.uasset" 595
"../../../Engine/Plugins/Interchange/Runtime/Content/gltf/MaterialInstances_SG/MI_Translucent_TS.uexp" 596
"../../../Engine/Plugins/Interchange/Runtime/Content/gltf/MaterialInstances_MR/MI_Opaque_ClearCoat_TS.uasset" 597
"../../../Engine/Plugins/Interchange/Runtime/Content/gltf/MaterialInstances_MR/MI_Opaque_ClearCoat_TS.uexp" 598
"../../../Engine/Plugins/Interchange/Runtime/Content/gltf/MaterialInstances_SG/MI_Translucent_ClearCoat_TS.uasset" 599
"../../../Engine/Plugins/Interchange/Runtime/Content/gltf/MaterialInstances_SG/MI_Translucent_ClearCoat_TS.uexp" 600
"../../../Engine/Plugins/Interchange/Runtime/Content/gltf/MaterialInstances_MR/MI_Opaque_ClearCoat.uasset" 601
"../../../Engine/Plugins/Interchange/Runtime/Content/gltf/MaterialInstances_MR/MI_Opaque_ClearCoat.uexp" 602
"../../../Engine/Plugins/Interchange/Runtime/Content/gltf/MaterialInstances_SG/MI_Translucent_ClearCoat.uasset" 603
"../../../Engine/Plugins/Interchange/Runtime/Content/gltf/MaterialInstances_SG/MI_Translucent_ClearCoat.uexp" 604
"../../../Engine/Plugins/Interchange/Runtime/Content/gltf/MaterialInstances_MR/MI_Opaque.uasset" 605
"../../../Engine/Plugins/Interchange/Runtime/Content/gltf/MaterialInstances_MR/MI_Opaque.uexp" 606
"../../../Engine/Plugins/Interchange/Runtime/Content/gltf/MaterialInstances_SG/MI_Translucent.uasset" 607
"../../../Engine/Plugins/Interchange/Runtime/Content/gltf/MaterialInstances_SG/MI_Translucent.uexp" 608
"../../../Engine/Plugins/Interchange/Runtime/Content/gltf/MaterialFunctions/MF_Transmission.uasset" 609
"../../../Engine/Plugins/Interchange/Runtime/Content/gltf/MaterialFunctions/MF_Transmission.uexp" 610
"../../../Engine/Content/Functions/Engine_MaterialFunctions02/Texturing/CustomRotator.uasset" 611
"../../../Engine/Content/Functions/Engine_MaterialFunctions02/Texturing/CustomRotator.uexp" 612
"../../../Engine/Content/Functions/Engine_MaterialFunctions02/Texturing/ScreenAlignedPixelToPixelUVs.uasset" 613
"../../../Engine/Content/Functions/Engine_MaterialFunctions02/Texturing/ScreenAlignedPixelToPixelUVs.uexp" 614
"../../../Engine/Plugins/Interchange/Runtime/Content/Utilities/T_Bayer64_Grayscale_64px.uasset" 615
"../../../Engine/Plugins/Interchange/Runtime/Content/Utilities/T_Bayer64_Grayscale_64px.uexp" 616
"../../../Engine/Plugins/Interchange/Runtime/Content/gltf/MaterialFunctions/MF_Temporal_Blur.uasset" 617
"../../../Engine/Plugins/Interchange/Runtime/Content/gltf/MaterialFunctions/MF_Temporal_Blur.uexp" 618
"../../../Engine/Plugins/Interchange/Runtime/Content/gltf/MaterialFunctions/MF_Fresnel_DS.uasset" 619
"../../../Engine/Plugins/Interchange/Runtime/Content/gltf/MaterialFunctions/MF_Fresnel_DS.uexp" 620
"../../../Engine/Plugins/Interchange/Runtime/Content/gltf/M_Transmission.uasset" 621
"../../../Engine/Plugins/Interchange/Runtime/Content/gltf/M_Transmission.uexp" 622
"../../../Engine/Plugins/Interchange/Runtime/Content/gltf/MaterialInstances_SG/MI_Transmission_TS.uasset" 623
"../../../Engine/Plugins/Interchange/Runtime/Content/gltf/MaterialInstances_SG/MI_Transmission_TS.uexp" 624
"../../../Engine/Plugins/Interchange/Runtime/Content/gltf/MaterialInstances_SG/MI_Opaque_TS.uasset" 625
"../../../Engine/Plugins/Interchange/Runtime/Content/gltf/MaterialInstances_SG/MI_Opaque_TS.uexp" 626
"../../../Engine/Content/EngineResources/FilmGrains/Marcie_Grain_v3_128_M2_000.uasset" 627
"../../../Engine/Content/EngineResources/FilmGrains/Marcie_Grain_v3_128_M2_000.uexp" 628
"../../../Engine/Content/EngineSky/T_Sky_Stars.ubulk" 629
"../../../Engine/Content/EngineSky/T_Sky_Stars.uasset" 630
"../../../Engine/Content/EngineSky/T_Sky_Stars.uexp" 631
"../../../Engine/Content/EngineSky/T_Sky_Clouds_M.ubulk" 632
"../../../Engine/Content/EngineSky/T_Sky_Clouds_M.uasset" 633
"../../../Engine/Content/EngineSky/T_Sky_Clouds_M.uexp" 634
"../../../Engine/Content/EngineSky/T_Sky_Blue.ubulk" 635
"../../../Engine/Content/EngineSky/T_Sky_Blue.uasset" 636
"../../../Engine/Content/EngineSky/T_Sky_Blue.uexp" 637
"../../../Engine/Content/EngineSky/M_Sky_Panning_Clouds2.uasset" 638
"../../../Engine/Content/EngineSky/M_Sky_Panning_Clouds2.uexp" 639
"../../../Engine/Content/EngineSky/SM_SkySphere.ubulk" 640
"../../../Engine/Content/EngineSky/SM_SkySphere.uasset" 641
"../../../Engine/Content/EngineSky/SM_SkySphere.uexp" 642
"../../../Engine/Content/EngineSky/M_SimpleSkyDome.uasset" 643
"../../../Engine/Content/EngineSky/M_SimpleSkyDome.uexp" 644
"../../../Engine/Content/EngineSky/VolumetricClouds/CloudWeatherTexture.uasset" 645
"../../../Engine/Content/EngineSky/VolumetricClouds/CloudWeatherTexture.uexp" 646
"../../../Engine/Content/Functions/Engine_MaterialFunctions02/Utility/MakeFloat2.uasset" 647
"../../../Engine/Content/Functions/Engine_MaterialFunctions02/Utility/MakeFloat2.uexp" 648
"../../../Engine/Content/EngineSky/VolumetricClouds/CloudGradientTexture.uasset" 649
"../../../Engine/Content/EngineSky/VolumetricClouds/CloudGradientTexture.uexp" 650
"../../../Engine/Content/EngineSky/VolumetricClouds/T_NoiseShape64.ubulk" 651
"../../../Engine/Content/EngineSky/VolumetricClouds/T_NoiseShape64.uasset" 652
"../../../Engine/Content/EngineSky/VolumetricClouds/T_NoiseShape64.uexp" 653
"../../../Engine/Content/EngineSky/VolumetricClouds/T_VolumeNoiseShape64.uasset" 654
"../../../Engine/Content/EngineSky/VolumetricClouds/T_VolumeNoiseShape64.uexp" 655
"../../../Engine/Content/EngineSky/VolumetricClouds/T_NoiseErosion.ubulk" 656
"../../../Engine/Content/EngineSky/VolumetricClouds/T_NoiseErosion.uasset" 657
"../../../Engine/Content/EngineSky/VolumetricClouds/T_NoiseErosion.uexp" 658
"../../../Engine/Content/EngineSky/VolumetricClouds/T_VolumeNoiseErosion32.uasset" 659
"../../../Engine/Content/EngineSky/VolumetricClouds/T_VolumeNoiseErosion32.uexp" 660
"../../../Engine/Content/EngineSky/VolumetricClouds/m_SimpleVolumetricCloud.uasset" 661
"../../../Engine/Content/EngineSky/VolumetricClouds/m_SimpleVolumetricCloud.uexp" 662
"../../../Engine/Content/EngineSky/VolumetricClouds/m_SimpleVolumetricCloud_Inst.uasset" 663
"../../../Engine/Content/EngineSky/VolumetricClouds/m_SimpleVolumetricCloud_Inst.uexp" 664
"../../../Engine/Content/EngineSounds/Master.uasset" 665
"../../../Engine/Content/EngineSounds/Master.uexp" 666
"../../../Engine/Content/Functions/Engine_MaterialFunctions01/Shading/PowerToRoughness.uasset" 667
"../../../Engine/Content/Functions/Engine_MaterialFunctions01/Shading/PowerToRoughness.uexp" 668
"../../../Engine/Plugins/Interchange/Runtime/Content/gltf/MaterialInstances_SG/MI_Transmission.uasset" 669
"../../../Engine/Plugins/Interchange/Runtime/Content/gltf/MaterialInstances_SG/MI_Transmission.uexp" 670
"../../../Engine/Content/Maps/Templates/HLODs/HLODLayer_Merged.uasset" 671
"../../../Engine/Content/Maps/Templates/HLODs/HLODLayer_Merged.uexp" 672
"../../../Engine/Content/MobileResources/HUD/VirtualJoystick_Background.uasset" 673
"../../../Engine/Content/MobileResources/HUD/VirtualJoystick_Background.uexp" 674
"../../../Engine/Content/MobileResources/HUD/VirtualJoystick_Thumb.uasset" 675
"../../../Engine/Content/MobileResources/HUD/VirtualJoystick_Thumb.uexp" 676
"../../../Engine/Content/MobileResources/HUD/DefaultVirtualJoysticks.uasset" 677
"../../../Engine/Content/MobileResources/HUD/DefaultVirtualJoysticks.uexp" 678
"../../../Engine/Plugins/2D/Paper2D/Content/PlaceholderTextures/DummySpriteTexture.ubulk" 679
"../../../Engine/Plugins/2D/Paper2D/Content/PlaceholderTextures/DummySpriteTexture.uasset" 680
"../../../Engine/Plugins/2D/Paper2D/Content/PlaceholderTextures/DummySpriteTexture.uexp" 681
"../../../Engine/Plugins/2D/Paper2D/Content/DefaultSpriteMaterial.uasset" 682
"../../../Engine/Plugins/2D/Paper2D/Content/DefaultSpriteMaterial.uexp" 683
"../../../Engine/Plugins/2D/Paper2D/Content/OpaqueUnlitSpriteMaterial.uasset" 684
"../../../Engine/Plugins/2D/Paper2D/Content/OpaqueUnlitSpriteMaterial.uexp" 685
"../../../Engine/Plugins/2D/Paper2D/Content/MaskedUnlitSpriteMaterial.uasset" 686
"../../../Engine/Plugins/2D/Paper2D/Content/MaskedUnlitSpriteMaterial.uexp" 687
"../../../Engine/Plugins/2D/Paper2D/Content/DummySprite.uasset" 688
"../../../Engine/Plugins/2D/Paper2D/Content/DummySprite.uexp" 689
"../../../Engine/Plugins/2D/Paper2D/Content/DefaultPaperTerrainMaterial.uasset" 690
"../../../Engine/Plugins/2D/Paper2D/Content/DefaultPaperTerrainMaterial.uexp" 691
"../../../Engine/Plugins/Interchange/Runtime/Content/Pipelines/DefaultAssetsPipeline.uasset" 692
"../../../Engine/Plugins/Interchange/Runtime/Content/Pipelines/DefaultAssetsPipeline.uexp" 693
"../../../Engine/Plugins/Animation/ControlRig/Content/M_Manip.uasset" 694
"../../../Engine/Plugins/Animation/ControlRig/Content/M_Manip.uexp" 695
"../../../Engine/Plugins/Animation/ControlRig/Content/Controls/DefaultGizmoLibraryNormalized.uasset" 696
"../../../Engine/Plugins/Animation/ControlRig/Content/Controls/DefaultGizmoLibraryNormalized.uexp" 697
"../../../Engine/Plugins/Animation/ControlRig/Content/Controls/ControlRig_Wedge_solid.ubulk" 698
"../../../Engine/Plugins/Animation/ControlRig/Content/Controls/ControlRig_Wedge_solid.uasset" 699
"../../../Engine/Plugins/Animation/ControlRig/Content/Controls/ControlRig_Wedge_solid.uexp" 700
"../../../Engine/Plugins/Animation/ControlRig/Content/Controls/ControlRig_Wedge_3mm.ubulk" 701
"../../../Engine/Plugins/Animation/ControlRig/Content/Controls/ControlRig_Wedge_3mm.uasset" 702
"../../../Engine/Plugins/Animation/ControlRig/Content/Controls/ControlRig_Wedge_3mm.uexp" 703
"../../../Engine/Plugins/Animation/ControlRig/Content/Controls/ControlRig_Wedge_1mm.ubulk" 704
"../../../Engine/Plugins/Animation/ControlRig/Content/Controls/ControlRig_Wedge_1mm.uasset" 705
"../../../Engine/Plugins/Animation/ControlRig/Content/Controls/ControlRig_Wedge_1mm.uexp" 706
"../../../Engine/Plugins/Animation/ControlRig/Content/Controls/ControlRig_Triangle_solid.ubulk" 707
"../../../Engine/Plugins/Animation/ControlRig/Content/Controls/ControlRig_Triangle_solid.uasset" 708
"../../../Engine/Plugins/Animation/ControlRig/Content/Controls/ControlRig_Triangle_solid.uexp" 709
"../../../Engine/Plugins/Animation/ControlRig/Content/Controls/ControlRig_Triangle_3mm.ubulk" 710
"../../../Engine/Plugins/Animation/ControlRig/Content/Controls/ControlRig_Triangle_3mm.uasset" 711
"../../../Engine/Plugins/Animation/ControlRig/Content/Controls/ControlRig_Triangle_3mm.uexp" 712
"../../../Engine/Plugins/Animation/ControlRig/Content/Controls/ControlRig_Triangle_1mm.ubulk" 713
"../../../Engine/Plugins/Animation/ControlRig/Content/Controls/ControlRig_Triangle_1mm.uasset" 714
"../../../Engine/Plugins/Animation/ControlRig/Content/Controls/ControlRig_Triangle_1mm.uexp" 715
"../../../Engine/Plugins/Animation/ControlRig/Content/Controls/ControlRig_Star4_solid.ubulk" 716
"../../../Engine/Plugins/Animation/ControlRig/Content/Controls/ControlRig_Star4_solid.uasset" 717
"../../../Engine/Plugins/Animation/ControlRig/Content/Controls/ControlRig_Star4_solid.uexp" 718
"../../../Engine/Plugins/Animation/ControlRig/Content/Controls/ControlRig_Star4_3mm.ubulk" 719
"../../../Engine/Plugins/Animation/ControlRig/Content/Controls/ControlRig_Star4_3mm.uasset" 720
"../../../Engine/Plugins/Animation/ControlRig/Content/Controls/ControlRig_Star4_3mm.uexp" 721
"../../../Engine/Plugins/Animation/ControlRig/Content/Controls/ControlRig_Star4_1mm.ubulk" 722
"../../../Engine/Plugins/Animation/ControlRig/Content/Controls/ControlRig_Star4_1mm.uasset" 723
"../../../Engine/Plugins/Animation/ControlRig/Content/Controls/ControlRig_Star4_1mm.uexp" 724
"../../../Engine/Plugins/Animation/ControlRig/Content/Controls/ControlRig_Square_solid.ubulk" 725
"../../../Engine/Plugins/Animation/ControlRig/Content/Controls/ControlRig_Square_solid.uasset" 726
"../../../Engine/Plugins/Animation/ControlRig/Content/Controls/ControlRig_Square_solid.uexp" 727
"../../../Engine/Plugins/Animation/ControlRig/Content/Controls/ControlRig_Square_3mm.ubulk" 728
"../../../Engine/Plugins/Animation/ControlRig/Content/Controls/ControlRig_Square_3mm.uasset" 729
"../../../Engine/Plugins/Animation/ControlRig/Content/Controls/ControlRig_Square_3mm.uexp" 730
"../../../Engine/Plugins/Animation/ControlRig/Content/Controls/ControlRig_Square_1mm.ubulk" 731
"../../../Engine/Plugins/Animation/ControlRig/Content/Controls/ControlRig_Square_1mm.uasset" 732
"../../../Engine/Plugins/Animation/ControlRig/Content/Controls/ControlRig_Square_1mm.uexp" 733
"../../../Engine/Plugins/Animation/ControlRig/Content/Controls/ControlRig_Sphere_solid.ubulk" 734
"../../../Engine/Plugins/Animation/ControlRig/Content/Controls/ControlRig_Sphere_solid.uasset" 735
"../../../Engine/Plugins/Animation/ControlRig/Content/Controls/ControlRig_Sphere_solid.uexp" 736
"../../../Engine/Plugins/Animation/ControlRig/Content/Controls/ControlRig_Sphere_3mm.ubulk" 737
"../../../Engine/Plugins/Animation/ControlRig/Content/Controls/ControlRig_Sphere_3mm.uasset" 738
"../../../Engine/Plugins/Animation/ControlRig/Content/Controls/ControlRig_Sphere_3mm.uexp" 739
"../../../Engine/Plugins/Animation/ControlRig/Content/Controls/ControlRig_Sphere_1mm.ubulk" 740
"../../../Engine/Plugins/Animation/ControlRig/Content/Controls/ControlRig_Sphere_1mm.uasset" 741
"../../../Engine/Plugins/Animation/ControlRig/Content/Controls/ControlRig_Sphere_1mm.uexp" 742
"../../../Engine/Plugins/Animation/ControlRig/Content/Controls/ControlRig_RoundedTriangle_solid.ubulk" 743
"../../../Engine/Plugins/Animation/ControlRig/Content/Controls/ControlRig_RoundedTriangle_solid.uasset" 744
"../../../Engine/Plugins/Animation/ControlRig/Content/Controls/ControlRig_RoundedTriangle_solid.uexp" 745
"../../../Engine/Plugins/Animation/ControlRig/Content/Controls/ControlRig_RoundedTriangle_3mm.ubulk" 746
"../../../Engine/Plugins/Animation/ControlRig/Content/Controls/ControlRig_RoundedTriangle_3mm.uasset" 747
"../../../Engine/Plugins/Animation/ControlRig/Content/Controls/ControlRig_RoundedTriangle_3mm.uexp" 748
"../../../Engine/Plugins/Animation/ControlRig/Content/Controls/ControlRig_RoundedTriangle_1mm.ubulk" 749
"../../../Engine/Plugins/Animation/ControlRig/Content/Controls/ControlRig_RoundedTriangle_1mm.uasset" 750
"../../../Engine/Plugins/Animation/ControlRig/Content/Controls/ControlRig_RoundedTriangle_1mm.uexp" 751
"../../../Engine/Plugins/Animation/ControlRig/Content/Controls/ControlRig_RoundedSquare_solid.ubulk" 752
"../../../Engine/Plugins/Animation/ControlRig/Content/Controls/ControlRig_RoundedSquare_solid.uasset" 753
"../../../Engine/Plugins/Animation/ControlRig/Content/Controls/ControlRig_RoundedSquare_solid.uexp" 754
"../../../Engine/Plugins/Animation/ControlRig/Content/Controls/ControlRig_RoundedSquare_3mm.ubulk" 755
"../../../Engine/Plugins/Animation/ControlRig/Content/Controls/ControlRig_RoundedSquare_3mm.uasset" 756
"../../../Engine/Plugins/Animation/ControlRig/Content/Controls/ControlRig_RoundedSquare_3mm.uexp" 757
"../../../Engine/Plugins/Animation/ControlRig/Content/Controls/ControlRig_RoundedSquare_1mm.ubulk" 758
"../../../Engine/Plugins/Animation/ControlRig/Content/Controls/ControlRig_RoundedSquare_1mm.uasset" 759
"../../../Engine/Plugins/Animation/ControlRig/Content/Controls/ControlRig_RoundedSquare_1mm.uexp" 760
"../../../Engine/Plugins/Animation/ControlRig/Content/Controls/ControlRig_QuarterCircle_solid.ubulk" 761
"../../../Engine/Plugins/Animation/ControlRig/Content/Controls/ControlRig_QuarterCircle_solid.uasset" 762
"../../../Engine/Plugins/Animation/ControlRig/Content/Controls/ControlRig_QuarterCircle_solid.uexp" 763
"../../../Engine/Plugins/Animation/ControlRig/Content/Controls/ControlRig_QuarterCircle_3mm.ubulk" 764
"../../../Engine/Plugins/Animation/ControlRig/Content/Controls/ControlRig_QuarterCircle_3mm.uasset" 765
"../../../Engine/Plugins/Animation/ControlRig/Content/Controls/ControlRig_QuarterCircle_3mm.uexp" 766
"../../../Engine/Plugins/Animation/ControlRig/Content/Controls/ControlRig_QuarterCircle_1mm.ubulk" 767
"../../../Engine/Plugins/Animation/ControlRig/Content/Controls/ControlRig_QuarterCircle_1mm.uasset" 768
"../../../Engine/Plugins/Animation/ControlRig/Content/Controls/ControlRig_QuarterCircle_1mm.uexp" 769
"../../../Engine/Plugins/Animation/ControlRig/Content/Controls/ControlRig_Pyramid_solid.ubulk" 770
"../../../Engine/Plugins/Animation/ControlRig/Content/Controls/ControlRig_Pyramid_solid.uasset" 771
"../../../Engine/Plugins/Animation/ControlRig/Content/Controls/ControlRig_Pyramid_solid.uexp" 772
"../../../Engine/Plugins/Animation/ControlRig/Content/Controls/ControlRig_Pyramid_3mm.ubulk" 773
"../../../Engine/Plugins/Animation/ControlRig/Content/Controls/ControlRig_Pyramid_3mm.uasset" 774
"../../../Engine/Plugins/Animation/ControlRig/Content/Controls/ControlRig_Pyramid_3mm.uexp" 775
"../../../Engine/Plugins/Animation/ControlRig/Content/Controls/ControlRig_Pyramid_1mm.ubulk" 776
"../../../Engine/Plugins/Animation/ControlRig/Content/Controls/ControlRig_Pyramid_1mm.uasset" 777
"../../../Engine/Plugins/Animation/ControlRig/Content/Controls/ControlRig_Pyramid_1mm.uexp" 778
"../../../Engine/Plugins/Animation/ControlRig/Content/Controls/ControlRig_Octagon_solid.ubulk" 779
"../../../Engine/Plugins/Animation/ControlRig/Content/Controls/ControlRig_Octagon_solid.uasset" 780
"../../../Engine/Plugins/Animation/ControlRig/Content/Controls/ControlRig_Octagon_solid.uexp" 781
"../../../Engine/Plugins/Animation/ControlRig/Content/Controls/ControlRig_Octagon_3mm.ubulk" 782
"../../../Engine/Plugins/Animation/ControlRig/Content/Controls/ControlRig_Octagon_3mm.uasset" 783
"../../../Engine/Plugins/Animation/ControlRig/Content/Controls/ControlRig_Octagon_3mm.uexp" 784
"../../../Engine/Plugins/Animation/ControlRig/Content/Controls/ControlRig_Octagon_1mm.ubulk" 785
"../../../Engine/Plugins/Animation/ControlRig/Content/Controls/ControlRig_Octagon_1mm.uasset" 786
"../../../Engine/Plugins/Animation/ControlRig/Content/Controls/ControlRig_Octagon_1mm.uexp" 787
"../../../Engine/Plugins/Animation/ControlRig/Content/Controls/ControlRig_Hexagon_solid.ubulk" 788
"../../../Engine/Plugins/Animation/ControlRig/Content/Controls/ControlRig_Hexagon_solid.uasset" 789
"../../../Engine/Plugins/Animation/ControlRig/Content/Controls/ControlRig_Hexagon_solid.uexp" 790
"../../../Engine/Plugins/Animation/ControlRig/Content/Controls/ControlRig_Hexagon_3mm.ubulk" 791
"../../../Engine/Plugins/Animation/ControlRig/Content/Controls/ControlRig_Hexagon_3mm.uasset" 792
"../../../Engine/Plugins/Animation/ControlRig/Content/Controls/ControlRig_Hexagon_3mm.uexp" 793
"../../../Engine/Plugins/Animation/ControlRig/Content/Controls/ControlRig_Hexagon_1mm.ubulk" 794
"../../../Engine/Plugins/Animation/ControlRig/Content/Controls/ControlRig_Hexagon_1mm.uasset" 795
"../../../Engine/Plugins/Animation/ControlRig/Content/Controls/ControlRig_Hexagon_1mm.uexp" 796
"../../../Engine/Plugins/Animation/ControlRig/Content/Controls/ControlRig_HalfCircle_solid.ubulk" 797
"../../../Engine/Plugins/Animation/ControlRig/Content/Controls/ControlRig_HalfCircle_solid.uasset" 798
"../../../Engine/Plugins/Animation/ControlRig/Content/Controls/ControlRig_HalfCircle_solid.uexp" 799
"../../../Engine/Plugins/Animation/ControlRig/Content/Controls/ControlRig_HalfCircle_3mm.ubulk" 800
"../../../Engine/Plugins/Animation/ControlRig/Content/Controls/ControlRig_HalfCircle_3mm.uasset" 801
"../../../Engine/Plugins/Animation/ControlRig/Content/Controls/ControlRig_HalfCircle_3mm.uexp" 802
"../../../Engine/Plugins/Animation/ControlRig/Content/Controls/ControlRig_HalfCircle_1mm.ubulk" 803
"../../../Engine/Plugins/Animation/ControlRig/Content/Controls/ControlRig_HalfCircle_1mm.uasset" 804
"../../../Engine/Plugins/Animation/ControlRig/Content/Controls/ControlRig_HalfCircle_1mm.uexp" 805
"../../../Engine/Plugins/Animation/ControlRig/Content/Controls/ControlRig_Diamond_solid.ubulk" 806
"../../../Engine/Plugins/Animation/ControlRig/Content/Controls/ControlRig_Diamond_solid.uasset" 807
"../../../Engine/Plugins/Animation/ControlRig/Content/Controls/ControlRig_Diamond_solid.uexp" 808
"../../../Engine/Plugins/Animation/ControlRig/Content/Controls/ControlRig_Diamond_3mm.ubulk" 809
"../../../Engine/Plugins/Animation/ControlRig/Content/Controls/ControlRig_Diamond_3mm.uasset" 810
"../../../Engine/Plugins/Animation/ControlRig/Content/Controls/ControlRig_Diamond_3mm.uexp" 811
"../../../Engine/Plugins/Animation/ControlRig/Content/Controls/ControlRig_Diamond_1mm.ubulk" 812
"../../../Engine/Plugins/Animation/ControlRig/Content/Controls/ControlRig_Diamond_1mm.uasset" 813
"../../../Engine/Plugins/Animation/ControlRig/Content/Controls/ControlRig_Diamond_1mm.uexp" 814
"../../../Engine/Plugins/Animation/ControlRig/Content/Controls/ControlRig_Circle_solid.ubulk" 815
"../../../Engine/Plugins/Animation/ControlRig/Content/Controls/ControlRig_Circle_solid.uasset" 816
"../../../Engine/Plugins/Animation/ControlRig/Content/Controls/ControlRig_Circle_solid.uexp" 817
"../../../Engine/Plugins/Animation/ControlRig/Content/Controls/ControlRig_Circle_3mm.ubulk" 818
"../../../Engine/Plugins/Animation/ControlRig/Content/Controls/ControlRig_Circle_3mm.uasset" 819
"../../../Engine/Plugins/Animation/ControlRig/Content/Controls/ControlRig_Circle_3mm.uexp" 820
"../../../Engine/Plugins/Animation/ControlRig/Content/Controls/ControlRig_Circle_1mm.ubulk" 821
"../../../Engine/Plugins/Animation/ControlRig/Content/Controls/ControlRig_Circle_1mm.uasset" 822
"../../../Engine/Plugins/Animation/ControlRig/Content/Controls/ControlRig_Circle_1mm.uexp" 823
"../../../Engine/Plugins/Animation/ControlRig/Content/Controls/ControlRig_Box_solid.ubulk" 824
"../../../Engine/Plugins/Animation/ControlRig/Content/Controls/ControlRig_Box_solid.uasset" 825
"../../../Engine/Plugins/Animation/ControlRig/Content/Controls/ControlRig_Box_solid.uexp" 826
"../../../Engine/Plugins/Animation/ControlRig/Content/Controls/ControlRig_Box_3mm.ubulk" 827
"../../../Engine/Plugins/Animation/ControlRig/Content/Controls/ControlRig_Box_3mm.uasset" 828
"../../../Engine/Plugins/Animation/ControlRig/Content/Controls/ControlRig_Box_3mm.uexp" 829
"../../../Engine/Plugins/Animation/ControlRig/Content/Controls/ControlRig_Box_1mm.ubulk" 830
"../../../Engine/Plugins/Animation/ControlRig/Content/Controls/ControlRig_Box_1mm.uasset" 831
"../../../Engine/Plugins/Animation/ControlRig/Content/Controls/ControlRig_Box_1mm.uexp" 832
"../../../Engine/Plugins/Animation/ControlRig/Content/Controls/ControlRig_Arrow_solid.ubulk" 833
"../../../Engine/Plugins/Animation/ControlRig/Content/Controls/ControlRig_Arrow_solid.uasset" 834
"../../../Engine/Plugins/Animation/ControlRig/Content/Controls/ControlRig_Arrow_solid.uexp" 835
"../../../Engine/Plugins/Animation/ControlRig/Content/Controls/ControlRig_Arrow_3mm.ubulk" 836
"../../../Engine/Plugins/Animation/ControlRig/Content/Controls/ControlRig_Arrow_3mm.uasset" 837
"../../../Engine/Plugins/Animation/ControlRig/Content/Controls/ControlRig_Arrow_3mm.uexp" 838
"../../../Engine/Plugins/Animation/ControlRig/Content/Controls/ControlRig_Arrow_1mm.ubulk" 839
"../../../Engine/Plugins/Animation/ControlRig/Content/Controls/ControlRig_Arrow_1mm.uasset" 840
"../../../Engine/Plugins/Animation/ControlRig/Content/Controls/ControlRig_Arrow_1mm.uexp" 841
"../../../Engine/Plugins/Animation/ControlRig/Content/Controls/ControlRig_Arrow4_solid.ubulk" 842
"../../../Engine/Plugins/Animation/ControlRig/Content/Controls/ControlRig_Arrow4_solid.uasset" 843
"../../../Engine/Plugins/Animation/ControlRig/Content/Controls/ControlRig_Arrow4_solid.uexp" 844
"../../../Engine/Plugins/Animation/ControlRig/Content/Controls/ControlRig_Arrow4_3mm.ubulk" 845
"../../../Engine/Plugins/Animation/ControlRig/Content/Controls/ControlRig_Arrow4_3mm.uasset" 846
"../../../Engine/Plugins/Animation/ControlRig/Content/Controls/ControlRig_Arrow4_3mm.uexp" 847
"../../../Engine/Plugins/Animation/ControlRig/Content/Controls/ControlRig_Arrow4_1mm.ubulk" 848
"../../../Engine/Plugins/Animation/ControlRig/Content/Controls/ControlRig_Arrow4_1mm.uasset" 849
"../../../Engine/Plugins/Animation/ControlRig/Content/Controls/ControlRig_Arrow4_1mm.uexp" 850
"../../../Engine/Plugins/Animation/ControlRig/Content/Controls/ControlRig_Arrow2_solid.ubulk" 851
"../../../Engine/Plugins/Animation/ControlRig/Content/Controls/ControlRig_Arrow2_solid.uasset" 852
"../../../Engine/Plugins/Animation/ControlRig/Content/Controls/ControlRig_Arrow2_solid.uexp" 853
"../../../Engine/Plugins/Animation/ControlRig/Content/Controls/ControlRig_Arrow2_3mm.ubulk" 854
"../../../Engine/Plugins/Animation/ControlRig/Content/Controls/ControlRig_Arrow2_3mm.uasset" 855
"../../../Engine/Plugins/Animation/ControlRig/Content/Controls/ControlRig_Arrow2_3mm.uexp" 856
"../../../Engine/Plugins/Animation/ControlRig/Content/Controls/ControlRig_Arrow2_1mm.ubulk" 857
"../../../Engine/Plugins/Animation/ControlRig/Content/Controls/ControlRig_Arrow2_1mm.uasset" 858
"../../../Engine/Plugins/Animation/ControlRig/Content/Controls/ControlRig_Arrow2_1mm.uexp" 859
"../../../Engine/Plugins/Animation/ControlRig/Content/Controls/ControlRigXRayMaterial.uasset" 860
"../../../Engine/Plugins/Animation/ControlRig/Content/Controls/ControlRigXRayMaterial.uexp" 861
"../../../Engine/Plugins/Animation/ControlRig/Content/Controls/ControlRigGizmoMaterial.uasset" 862
"../../../Engine/Plugins/Animation/ControlRig/Content/Controls/ControlRigGizmoMaterial.uexp" 863
"../../../Engine/Plugins/Editor/SpeedTreeImporter/Content/SpeedTree9/game_wind_noise.ubulk" 864
"../../../Engine/Plugins/Editor/SpeedTreeImporter/Content/SpeedTree9/game_wind_noise.uasset" 865
"../../../Engine/Plugins/Editor/SpeedTreeImporter/Content/SpeedTree9/game_wind_noise.uexp" 866
"../../../Engine/Plugins/Editor/SpeedTreeImporter/Content/SpeedTree9/UnpackDirection.uasset" 867
"../../../Engine/Plugins/Editor/SpeedTreeImporter/Content/SpeedTree9/UnpackDirection.uexp" 868
"../../../Engine/Content/Functions/Engine_MaterialFunctions02/ObjectLocalBounds.uasset" 869
"../../../Engine/Content/Functions/Engine_MaterialFunctions02/ObjectLocalBounds.uexp" 870
"../../../Engine/Content/Functions/Engine_MaterialFunctions02/UVs/BoundingBoxBased_0-1_UVW.uasset" 871
"../../../Engine/Content/Functions/Engine_MaterialFunctions02/UVs/BoundingBoxBased_0-1_UVW.uexp" 872
"../../../Engine/Content/Functions/Engine_MaterialFunctions02/Utility/VectorLength.uasset" 873
"../../../Engine/Content/Functions/Engine_MaterialFunctions02/Utility/VectorLength.uexp" 874
"../../../Engine/Plugins/Editor/SpeedTreeImporter/Content/SpeedTree9/UnpackInteger3.uasset" 875
"../../../Engine/Plugins/Editor/SpeedTreeImporter/Content/SpeedTree9/UnpackInteger3.uexp" 876
"../../../Engine/Plugins/Editor/SpeedTreeImporter/Content/SpeedTree9/SpeedTreeCameraFacing.uasset" 877
"../../../Engine/Plugins/Editor/SpeedTreeImporter/Content/SpeedTree9/SpeedTreeCameraFacing.uexp" 878
"../../../Engine/Content/Functions/Engine_MaterialFunctions02/WorldPositionOffset/ObjectScale.uasset" 879
"../../../Engine/Content/Functions/Engine_MaterialFunctions02/WorldPositionOffset/ObjectScale.uexp" 880
"../../../Engine/Content/Functions/Engine_MaterialFunctions02/SafeNormalize.uasset" 881
"../../../Engine/Content/Functions/Engine_MaterialFunctions02/SafeNormalize.uexp" 882
"../../../Engine/Plugins/Editor/SpeedTreeImporter/Content/SpeedTree9/SpeedTreeWindMotion.uasset" 883
"../../../Engine/Plugins/Editor/SpeedTreeImporter/Content/SpeedTree9/SpeedTreeWindMotion.uexp" 884
"../../../Engine/Plugins/Editor/SpeedTreeImporter/Content/SpeedTree9/SpeedTreeBranchMotion.uasset" 885
"../../../Engine/Plugins/Editor/SpeedTreeImporter/Content/SpeedTree9/SpeedTreeBranchMotion.uexp" 886
"../../../Engine/Plugins/Editor/SpeedTreeImporter/Content/SpeedTree9/SpeedTreeWind.uasset" 887
"../../../Engine/Plugins/Editor/SpeedTreeImporter/Content/SpeedTree9/SpeedTreeWind.uexp" 888
"../../../Engine/Plugins/Editor/SpeedTreeImporter/Content/SpeedTree9/EmptyNormal.uasset" 889
"../../../Engine/Plugins/Editor/SpeedTreeImporter/Content/SpeedTree9/EmptyNormal.uexp" 890
"../../../Engine/Plugins/Editor/SpeedTreeImporter/Content/SpeedTree9/Empty.uasset" 891
"../../../Engine/Plugins/Editor/SpeedTreeImporter/Content/SpeedTree9/Empty.uexp" 892
"../../../Engine/Plugins/Editor/SpeedTreeImporter/Content/SpeedTree9/SpeedTreeMaster.uasset" 893
"../../../Engine/Plugins/Editor/SpeedTreeImporter/Content/SpeedTree9/SpeedTreeMaster.uexp" 894
"../../../Engine/Plugins/Editor/SpeedTreeImporter/Content/SpeedTree9/SpeedTreeBillboard.uasset" 895
"../../../Engine/Plugins/Editor/SpeedTreeImporter/Content/SpeedTree9/SpeedTreeBillboard.uexp" 896
"../../../Engine/Plugins/Editor/SpeedTreeImporter/Content/SpeedTree9/SpeedTreeBillboardMaster.uasset" 897
"../../../Engine/Plugins/Editor/SpeedTreeImporter/Content/SpeedTree9/SpeedTreeBillboardMaster.uexp" 898
"../../../Engine/Plugins/Interchange/Runtime/Content/gltf/MaterialInstances_SG/MI_Opaque_ClearCoat.uasset" 899
"../../../Engine/Plugins/Interchange/Runtime/Content/gltf/MaterialInstances_SG/MI_Opaque_ClearCoat.uexp" 900
"../../../Engine/Plugins/Interchange/Runtime/Content/gltf/MaterialInstances_SG/MI_Opaque.uasset" 901
"../../../Engine/Plugins/Interchange/Runtime/Content/gltf/MaterialInstances_SG/MI_Opaque.uexp" 902
"../../../Engine/Plugins/Interchange/Runtime/Content/Functions/MX_Transmission.uasset" 903
"../../../Engine/Plugins/Interchange/Runtime/Content/Functions/MX_Transmission.uexp" 904
"../../../Engine/Plugins/Interchange/Runtime/Content/Functions/MX_StandardSurface.uasset" 905
"../../../Engine/Plugins/Interchange/Runtime/Content/Functions/MX_StandardSurface.uexp" 906
"../../../Engine/Plugins/Interchange/Runtime/Content/Functions/MX_TransmissionSurface.uasset" 907
"../../../Engine/Plugins/Interchange/Runtime/Content/Functions/MX_TransmissionSurface.uexp" 908
"../../../Engine/Content/Functions/Engine_MaterialFunctions02/WorldPositionOffset/V2/ObjectScale.uasset" 909
"../../../Engine/Content/Functions/Engine_MaterialFunctions02/WorldPositionOffset/V2/ObjectScale.uexp" 910
"../../../Engine/Plugins/Interchange/Runtime/Content/gltf/MaterialFunctions/MF_TransmissionOpacity.uasset" 911
"../../../Engine/Plugins/Interchange/Runtime/Content/gltf/MaterialFunctions/MF_TransmissionOpacity.uexp" 912
"../../../Engine/Plugins/Interchange/Runtime/Content/gltf/MaterialInstances_MR/MI_Transmission_TS.uasset" 913
"../../../Engine/Plugins/Interchange/Runtime/Content/gltf/MaterialInstances_MR/MI_Transmission_TS.uexp" 914
"../../../Engine/Plugins/Interchange/Runtime/Content/gltf/MaterialInstances_MR/MI_Transmission.uasset" 915
"../../../Engine/Plugins/Interchange/Runtime/Content/gltf/MaterialInstances_MR/MI_Transmission.uexp" 916
"../../../Engine/Plugins/Interchange/Runtime/Content/gltf/MaterialInstances_MR/MI_Translucent_TS.uasset" 917
"../../../Engine/Plugins/Interchange/Runtime/Content/gltf/MaterialInstances_MR/MI_Translucent_TS.uexp" 918
"../../../Engine/Content/Maps/Templates/HLODs/HLODLayer_Instanced.uasset" 919
"../../../Engine/Content/Maps/Templates/HLODs/HLODLayer_Instanced.uexp" 920
"N:/Projects/Multiplayer/MultiTest 5.1/Content/ThirdPerson/Maps/ThirdPersonMap.uexp" 921
"N:/Projects/Multiplayer/MultiTest 5.1/Content/ThirdPerson/Maps/ThirdPersonMap.umap" 922
"../../../Engine/Content/Maps/Entry_BuiltData.uasset" 923
"../../../Engine/Content/Maps/Entry_BuiltData.uexp" 924
"../../../Engine/Content/Maps/Entry.uexp" 925
"../../../Engine/Content/Maps/Entry.umap" 926
